{"D:\\Projects\\node\\node-typescript-project\\src\\app.ts": {"path":"D:\\Projects\\node\\node-typescript-project\\src\\app.ts","statementMap":{"0":{"start":{"line":2,"column":0},"end":{"line":2,"column":62}},"1":{"start":{"line":3,"column":16},"end":{"line":3,"column":34}},"2":{"start":{"line":4,"column":20},"end":{"line":4,"column":42}},"3":{"start":{"line":5,"column":16},"end":{"line":5,"column":42}},"4":{"start":{"line":6,"column":19},"end":{"line":6,"column":41}},"5":{"start":{"line":7,"column":15},"end":{"line":7,"column":32}},"6":{"start":{"line":8,"column":14},"end":{"line":8,"column":30}},"7":{"start":{"line":9,"column":15},"end":{"line":9,"column":32}},"8":{"start":{"line":10,"column":14},"end":{"line":10,"column":38}},"9":{"start":{"line":11,"column":14},"end":{"line":11,"column":38}},"10":{"start":{"line":12,"column":17},"end":{"line":12,"column":36}},"11":{"start":{"line":13,"column":17},"end":{"line":13,"column":36}},"12":{"start":{"line":14,"column":25},"end":{"line":14,"column":53}},"13":{"start":{"line":15,"column":17},"end":{"line":15,"column":36}},"14":{"start":{"line":16,"column":19},"end":{"line":16,"column":33}},"15":{"start":{"line":18,"column":0},"end":{"line":18,"column":40}},"16":{"start":{"line":20,"column":23},"end":{"line":20,"column":52}},"17":{"start":{"line":21,"column":22},"end":{"line":21,"column":50}},"18":{"start":{"line":22,"column":26},"end":{"line":22,"column":58}},"19":{"start":{"line":24,"column":23},"end":{"line":24,"column":51}},"20":{"start":{"line":26,"column":12},"end":{"line":26,"column":21}},"21":{"start":{"line":28,"column":17},"end":{"line":28,"column":41}},"22":{"start":{"line":29,"column":0},"end":{"line":29,"column":28}},"23":{"start":{"line":30,"column":0},"end":{"line":33,"column":3}},"24":{"start":{"line":31,"column":4},"end":{"line":31,"column":89}},"25":{"start":{"line":35,"column":0},"end":{"line":35,"column":42}},"26":{"start":{"line":38,"column":0},"end":{"line":38,"column":23}},"27":{"start":{"line":39,"column":0},"end":{"line":39,"column":23}},"28":{"start":{"line":40,"column":0},"end":{"line":40,"column":27}},"29":{"start":{"line":41,"column":0},"end":{"line":41,"column":51}},"30":{"start":{"line":42,"column":0},"end":{"line":42,"column":28}},"31":{"start":{"line":43,"column":0},"end":{"line":51,"column":4}},"32":{"start":{"line":52,"column":0},"end":{"line":52,"column":31}},"33":{"start":{"line":53,"column":0},"end":{"line":53,"column":28}},"34":{"start":{"line":54,"column":0},"end":{"line":54,"column":17}},"35":{"start":{"line":55,"column":0},"end":{"line":55,"column":36}},"36":{"start":{"line":56,"column":0},"end":{"line":56,"column":35}},"37":{"start":{"line":57,"column":0},"end":{"line":60,"column":3}},"38":{"start":{"line":58,"column":4},"end":{"line":58,"column":31}},"39":{"start":{"line":59,"column":4},"end":{"line":59,"column":11}},"40":{"start":{"line":61,"column":0},"end":{"line":75,"column":3}},"41":{"start":{"line":63,"column":4},"end":{"line":73,"column":5}},"42":{"start":{"line":68,"column":8},"end":{"line":68,"column":40}},"43":{"start":{"line":70,"column":9},"end":{"line":73,"column":5}},"44":{"start":{"line":72,"column":8},"end":{"line":72,"column":40}},"45":{"start":{"line":74,"column":4},"end":{"line":74,"column":11}},"46":{"start":{"line":80,"column":0},"end":{"line":80,"column":43}},"47":{"start":{"line":81,"column":0},"end":{"line":81,"column":45}},"48":{"start":{"line":82,"column":0},"end":{"line":82,"column":42}},"49":{"start":{"line":83,"column":0},"end":{"line":83,"column":45}},"50":{"start":{"line":84,"column":0},"end":{"line":84,"column":47}},"51":{"start":{"line":85,"column":0},"end":{"line":85,"column":50}},"52":{"start":{"line":86,"column":0},"end":{"line":86,"column":52}},"53":{"start":{"line":87,"column":0},"end":{"line":87,"column":45}},"54":{"start":{"line":88,"column":0},"end":{"line":88,"column":47}},"55":{"start":{"line":89,"column":0},"end":{"line":89,"column":50}},"56":{"start":{"line":90,"column":0},"end":{"line":90,"column":52}},"57":{"start":{"line":91,"column":0},"end":{"line":91,"column":79}},"58":{"start":{"line":92,"column":0},"end":{"line":92,"column":95}},"59":{"start":{"line":93,"column":0},"end":{"line":93,"column":97}},"60":{"start":{"line":94,"column":0},"end":{"line":94,"column":94}},"61":{"start":{"line":95,"column":0},"end":{"line":95,"column":100}},"62":{"start":{"line":99,"column":0},"end":{"line":99,"column":38}},"63":{"start":{"line":103,"column":0},"end":{"line":103,"column":101}},"64":{"start":{"line":104,"column":0},"end":{"line":106,"column":3}},"65":{"start":{"line":105,"column":4},"end":{"line":105,"column":46}},"66":{"start":{"line":107,"column":0},"end":{"line":107,"column":21}}},"fnMap":{"0":{"name":"(anonymous_0)","decl":{"start":{"line":30,"column":58},"end":{"line":30,"column":59}},"loc":{"start":{"line":30,"column":64},"end":{"line":30,"column":67}},"line":30},"1":{"name":"(anonymous_1)","decl":{"start":{"line":30,"column":75},"end":{"line":30,"column":76}},"loc":{"start":{"line":30,"column":82},"end":{"line":33,"column":1}},"line":30},"2":{"name":"(anonymous_2)","decl":{"start":{"line":57,"column":8},"end":{"line":57,"column":9}},"loc":{"start":{"line":57,"column":28},"end":{"line":60,"column":1}},"line":57},"3":{"name":"(anonymous_3)","decl":{"start":{"line":61,"column":8},"end":{"line":61,"column":9}},"loc":{"start":{"line":61,"column":28},"end":{"line":75,"column":1}},"line":61},"4":{"name":"(anonymous_4)","decl":{"start":{"line":104,"column":101},"end":{"line":104,"column":102}},"loc":{"start":{"line":104,"column":115},"end":{"line":106,"column":1}},"line":104}},"branchMap":{"0":{"loc":{"start":{"line":35,"column":16},"end":{"line":35,"column":40}},"type":"binary-expr","locations":[{"start":{"line":35,"column":16},"end":{"line":35,"column":32}},{"start":{"line":35,"column":36},"end":{"line":35,"column":40}}],"line":35},"1":{"loc":{"start":{"line":63,"column":4},"end":{"line":73,"column":5}},"type":"if","locations":[{"start":{"line":63,"column":4},"end":{"line":73,"column":5}},{"start":{"line":63,"column":4},"end":{"line":73,"column":5}}],"line":63},"2":{"loc":{"start":{"line":63,"column":8},"end":{"line":67,"column":29}},"type":"binary-expr","locations":[{"start":{"line":63,"column":8},"end":{"line":63,"column":17}},{"start":{"line":64,"column":8},"end":{"line":64,"column":29}},{"start":{"line":65,"column":8},"end":{"line":65,"column":30}},{"start":{"line":66,"column":8},"end":{"line":66,"column":34}},{"start":{"line":67,"column":8},"end":{"line":67,"column":29}}],"line":63},"3":{"loc":{"start":{"line":70,"column":9},"end":{"line":73,"column":5}},"type":"if","locations":[{"start":{"line":70,"column":9},"end":{"line":73,"column":5}},{"start":{"line":70,"column":9},"end":{"line":73,"column":5}}],"line":70},"4":{"loc":{"start":{"line":70,"column":13},"end":{"line":71,"column":30}},"type":"binary-expr","locations":[{"start":{"line":70,"column":13},"end":{"line":70,"column":21}},{"start":{"line":71,"column":8},"end":{"line":71,"column":30}}],"line":70},"5":{"loc":{"start":{"line":105,"column":17},"end":{"line":105,"column":44}},"type":"binary-expr","locations":[{"start":{"line":105,"column":17},"end":{"line":105,"column":37}},{"start":{"line":105,"column":41},"end":{"line":105,"column":44}}],"line":105}},"s":{"0":2,"1":2,"2":2,"3":2,"4":2,"5":2,"6":2,"7":2,"8":2,"9":2,"10":2,"11":2,"12":2,"13":2,"14":2,"15":2,"16":2,"17":2,"18":2,"19":2,"20":2,"21":2,"22":2,"23":2,"24":0,"25":2,"26":2,"27":2,"28":2,"29":2,"30":2,"31":2,"32":2,"33":2,"34":2,"35":2,"36":2,"37":2,"38":2,"39":2,"40":2,"41":2,"42":2,"43":0,"44":0,"45":2,"46":2,"47":2,"48":2,"49":2,"50":2,"51":2,"52":2,"53":2,"54":2,"55":2,"56":2,"57":2,"58":2,"59":2,"60":2,"61":2,"62":2,"63":2,"64":2,"65":0,"66":2},"f":{"0":2,"1":0,"2":2,"3":2,"4":0},"b":{"0":[2,2],"1":[2,0],"2":[2,2,2,2,2],"3":[0,0],"4":[0,0],"5":[0,0]},"inputSourceMap":{"version":3,"file":"app.js","sourceRoot":"","sources":["app.ts"],"names":[],"mappings":";;AAAA,mCAAmC;AACnC,2CAA2C,CAAE,sBAAsB;AACnE,2CAA2C;AAC3C,0CAA0C;AAC1C,iCAAiC;AACjC,+BAA+B;AAC/B,iCAAiC;AACjC,uCAAuC;AACvC,uCAAuC;AAEvC,qCAAqC;AACrC,qCAAqC;AACrC,sDAAsD;AACtD,qCAAqC;AAErC,MAAM,UAAU,GAAG,KAAK,CAAC,OAAO,CAAC,CAAC;AAElC,yFAAyF;AACzF,MAAM,CAAC,MAAM,CAAC,EAAE,IAAI,EAAE,cAAc,EAAE,CAAC,CAAC;AAExC,+BAA+B;AAE/B,qDAAqD;AACrD,mDAAmD;AACnD,2DAA2D;AAG3D,sCAAsC;AACtC,oDAAoD;AAEpD,wBAAwB;AACxB,MAAM,GAAG,GAAG,OAAO,EAAE,CAAC;AAEtB,qBAAqB;AACrB,MAAM,QAAQ,GAAG,OAAO,CAAC,GAAG,CAAC,YAAY,CAAC;AACpC,QAAS,CAAC,OAAO,GAAG,QAAQ,CAAC;AACnC,QAAQ,CAAC,OAAO,CAAC,QAAQ,EAAE,EAAC,cAAc,EAAE,IAAI,EAAC,CAAC,CAAC,IAAI,CACrD,GAAG,EAAE,GAAgF,CAAC,CACvF,CAAC,KAAK,CAAC,GAAG,CAAC,EAAE;IACZ,OAAO,CAAC,GAAG,CAAC,iEAAiE,GAAG,GAAG,CAAC,CAAC;IACrF,kBAAkB;AACpB,CAAC,CAAC,CAAC;AAEH,wBAAwB;AACxB,GAAG,CAAC,GAAG,CAAC,MAAM,EAAE,OAAO,CAAC,GAAG,CAAC,IAAI,IAAI,IAAI,CAAC,CAAC;AAC1C,sDAAsD;AACtD,iCAAiC;AACjC,GAAG,CAAC,GAAG,CAAC,WAAW,EAAE,CAAC,CAAC;AACvB,GAAG,CAAC,GAAG,CAAC,MAAM,CAAC,KAAK,CAAC,CAAC,CAAC;AACvB,GAAG,CAAC,GAAG,CAAC,UAAU,CAAC,IAAI,EAAE,CAAC,CAAC;AAC3B,GAAG,CAAC,GAAG,CAAC,UAAU,CAAC,UAAU,CAAC,EAAE,QAAQ,EAAE,IAAI,EAAE,CAAC,CAAC,CAAC;AACnD,GAAG,CAAC,GAAG,CAAC,gBAAgB,EAAE,CAAC,CAAC;AAC5B,GAAG,CAAC,GAAG,CAAC,OAAO,CAAC;IACd,MAAM,EAAE,IAAI;IACZ,iBAAiB,EAAE,IAAI;IACvB,MAAM,EAAE,OAAO,CAAC,GAAG,CAAC,cAAc;IAClC,KAAK,EAAE,IAAI,UAAU,CAAC;QACpB,GAAG,EAAE,QAAQ;QACb,aAAa,EAAE,IAAI;KACpB,CAAC;CACH,CAAC,CAAC,CAAC;AACJ,GAAG,CAAC,GAAG,CAAC,QAAQ,CAAC,UAAU,EAAE,CAAC,CAAC;AAC/B,GAAG,CAAC,GAAG,CAAC,QAAQ,CAAC,OAAO,EAAE,CAAC,CAAC;AAC5B,GAAG,CAAC,GAAG,CAAC,KAAK,EAAE,CAAC,CAAC;AACjB,GAAG,CAAC,GAAG,CAAC,KAAK,CAAC,MAAM,CAAC,YAAY,CAAC,CAAC,CAAC;AACpC,GAAG,CAAC,GAAG,CAAC,KAAK,CAAC,aAAa,CAAC,IAAI,CAAC,CAAC,CAAC;AACnC,GAAG,CAAC,GAAG,CAAC,CAAC,GAAG,EAAE,GAAG,EAAE,IAAI,EAAE,EAAE;IACzB,GAAG,CAAC,MAAM,CAAC,IAAI,GAAG,GAAG,CAAC,IAAI,CAAC;IAC3B,IAAI,EAAE,CAAC;AACT,CAAC,CAAC,CAAC;AACH,GAAG,CAAC,GAAG,CAAC,CAAC,GAAG,EAAE,GAAG,EAAE,IAAI,EAAE,EAAE;IACzB,6DAA6D;IAC7D,EAAE,CAAC,CAAC,CAAC,GAAG,CAAC,IAAI;QACX,GAAG,CAAC,IAAI,KAAK,QAAQ;QACrB,GAAG,CAAC,IAAI,KAAK,SAAS;QACtB,CAAC,GAAG,CAAC,IAAI,CAAC,KAAK,CAAC,SAAS,CAAC;QAC1B,CAAC,GAAG,CAAC,IAAI,CAAC,KAAK,CAAC,IAAI,CAAC,CAAC,CAAC,CAAC;QACxB,GAAG,CAAC,OAAO,CAAC,QAAQ,GAAG,GAAG,CAAC,IAAI,CAAC;IAClC,CAAC;IAAC,IAAI,CAAC,EAAE,CAAC,CAAC,GAAG,CAAC,IAAI;QACjB,GAAG,CAAC,IAAI,IAAI,UAAU,CAAC,CAAC,CAAC;QACzB,GAAG,CAAC,OAAO,CAAC,QAAQ,GAAG,GAAG,CAAC,IAAI,CAAC;IAClC,CAAC;IACD,IAAI,EAAE,CAAC;AACT,CAAC,CAAC,CAAC;AACH,oFAAoF;AAEpF;;GAEG;AAEH,GAAG,CAAC,GAAG,CAAC,QAAQ,EAAE,cAAc,CAAC,QAAQ,CAAC,CAAC;AAC3C,GAAG,CAAC,IAAI,CAAC,QAAQ,EAAE,cAAc,CAAC,SAAS,CAAC,CAAC;AAC7C,GAAG,CAAC,GAAG,CAAC,SAAS,EAAE,cAAc,CAAC,MAAM,CAAC,CAAC;AAC1C,GAAG,CAAC,GAAG,CAAC,SAAS,EAAE,cAAc,CAAC,SAAS,CAAC,CAAC;AAC7C,GAAG,CAAC,IAAI,CAAC,SAAS,EAAE,cAAc,CAAC,UAAU,CAAC,CAAC;AAC/C,GAAG,CAAC,GAAG,CAAC,eAAe,EAAE,cAAc,CAAC,QAAQ,CAAC,CAAC;AAClD,GAAG,CAAC,IAAI,CAAC,eAAe,EAAE,cAAc,CAAC,SAAS,CAAC,CAAC;AACpD,GAAG,CAAC,GAAG,CAAC,SAAS,EAAE,cAAc,CAAC,SAAS,CAAC,CAAC;AAC7C,GAAG,CAAC,IAAI,CAAC,SAAS,EAAE,cAAc,CAAC,UAAU,CAAC,CAAC;AAC/C,GAAG,CAAC,GAAG,CAAC,UAAU,EAAE,iBAAiB,CAAC,UAAU,CAAC,CAAC;AAClD,GAAG,CAAC,IAAI,CAAC,UAAU,EAAE,iBAAiB,CAAC,WAAW,CAAC,CAAC;AACpD,GAAG,CAAC,GAAG,CAAC,UAAU,EAAE,cAAc,CAAC,eAAe,EAAE,cAAc,CAAC,UAAU,CAAC,CAAC;AAC/E,GAAG,CAAC,IAAI,CAAC,kBAAkB,EAAE,cAAc,CAAC,eAAe,EAAE,cAAc,CAAC,iBAAiB,CAAC,CAAC;AAC/F,GAAG,CAAC,IAAI,CAAC,mBAAmB,EAAE,cAAc,CAAC,eAAe,EAAE,cAAc,CAAC,kBAAkB,CAAC,CAAC;AACjG,GAAG,CAAC,IAAI,CAAC,iBAAiB,EAAE,cAAc,CAAC,eAAe,EAAE,cAAc,CAAC,iBAAiB,CAAC,CAAC;AAC9F,GAAG,CAAC,GAAG,CAAC,2BAA2B,EAAE,cAAc,CAAC,eAAe,EAAE,cAAc,CAAC,cAAc,CAAC,CAAC;AAEpG;;GAEG;AACH,GAAG,CAAC,GAAG,CAAC,MAAM,EAAE,aAAa,CAAC,MAAM,CAAC,CAAC;AAGtC;;GAEG;AACH,GAAG,CAAC,GAAG,CAAC,gBAAgB,EAAE,QAAQ,CAAC,YAAY,CAAC,UAAU,EAAE,EAAE,KAAK,EAAE,CAAC,OAAO,EAAE,gBAAgB,CAAC,EAAE,CAAC,CAAC,CAAC;AACrG,GAAG,CAAC,GAAG,CAAC,yBAAyB,EAAE,QAAQ,CAAC,YAAY,CAAC,UAAU,EAAE,EAAE,eAAe,EAAE,QAAQ,EAAE,CAAC,EAAE,CAAC,GAAG,EAAE,GAAG,EAAE,EAAE;IAChH,GAAG,CAAC,QAAQ,CAAC,GAAG,CAAC,OAAO,CAAC,QAAQ,IAAI,GAAG,CAAC,CAAC;AAC5C,CAAC,CAAC,CAAC;AAEH,MAAM,CAAC,OAAO,GAAG,GAAG,CAAC","sourcesContent":["import * as express from \"express\";\r\nimport * as compression from \"compression\";  // compresses requests\r\nimport * as session from \"express-session\";\r\nimport * as bodyParser from \"body-parser\";\r\nimport * as logger from \"morgan\";\r\nimport * as lusca from \"lusca\";\r\nimport * as dotenv from \"dotenv\";\r\nimport * as mongo from \"connect-mongo\";\r\nimport * as flash from \"express-flash\";\r\nimport * as path from \"path\";\r\nimport * as mongoose from \"mongoose\";\r\nimport * as passport from \"passport\";\r\nimport * as expressValidator from \"express-validator\";\r\nimport * as bluebird from \"bluebird\";\r\n\r\nconst MongoStore = mongo(session);\r\n\r\n// Load environment variables from .env file, where API keys and passwords are configured\r\ndotenv.config({ path: \".env.example\" });\r\n\r\n// Controllers (route handlers)\r\n\r\nimport * as userController from \"./controllers/user\";\r\nimport * as apiController from \"./controllers/api\";\r\nimport * as contactController from \"./controllers/contact\";\r\n\r\n\r\n// API keys and Passport configuration\r\nimport * as passportConfig from \"./config/passport\";\r\n\r\n// Create Express server\r\nconst app = express();\r\n\r\n// Connect to MongoDB\r\nconst mongoUrl = process.env.MONGOLAB_URI;\r\n(<any>mongoose).Promise = bluebird;\r\nmongoose.connect(mongoUrl, {useMongoClient: true}).then(\r\n  () => { /** ready to use. The `mongoose.connect()` promise resolves to undefined. */ },\r\n).catch(err => {\r\n  console.log(\"MongoDB connection error. Please make sure MongoDB is running. \" + err);\r\n  // process.exit();\r\n});\r\n\r\n// Express configuration\r\napp.set(\"port\", process.env.PORT || 3000);\r\n// app.set(\"views\", path.join(__dirname, \"../views\"));\r\n// app.set(\"view engine\", \"pug\");\r\napp.use(compression());\r\napp.use(logger(\"dev\"));\r\napp.use(bodyParser.json());\r\napp.use(bodyParser.urlencoded({ extended: true }));\r\napp.use(expressValidator());\r\napp.use(session({\r\n  resave: true,\r\n  saveUninitialized: true,\r\n  secret: process.env.SESSION_SECRET,\r\n  store: new MongoStore({\r\n    url: mongoUrl,\r\n    autoReconnect: true\r\n  })\r\n}));\r\napp.use(passport.initialize());\r\napp.use(passport.session());\r\napp.use(flash());\r\napp.use(lusca.xframe(\"SAMEORIGIN\"));\r\napp.use(lusca.xssProtection(true));\r\napp.use((req, res, next) => {\r\n  res.locals.user = req.user;\r\n  next();\r\n});\r\napp.use((req, res, next) => {\r\n  // After successful login, redirect back to the intended page\r\n  if (!req.user &&\r\n    req.path !== \"/login\" &&\r\n    req.path !== \"/signup\" &&\r\n    !req.path.match(/^\\/auth/) &&\r\n    !req.path.match(/\\./)) {\r\n    req.session.returnTo = req.path;\r\n  } else if (req.user &&\r\n    req.path == \"/account\") {\r\n    req.session.returnTo = req.path;\r\n  }\r\n  next();\r\n});\r\n// app.use(express.static(path.join(__dirname, \"public\"), { maxAge: 31557600000 }));\r\n\r\n/**\r\n * Primary app routes.\r\n */\r\n\r\napp.get(\"/login\", userController.getLogin);\r\napp.post(\"/login\", userController.postLogin);\r\napp.get(\"/logout\", userController.logout);\r\napp.get(\"/forgot\", userController.getForgot);\r\napp.post(\"/forgot\", userController.postForgot);\r\napp.get(\"/reset/:token\", userController.getReset);\r\napp.post(\"/reset/:token\", userController.postReset);\r\napp.get(\"/signup\", userController.getSignup);\r\napp.post(\"/signup\", userController.postSignup);\r\napp.get(\"/contact\", contactController.getContact);\r\napp.post(\"/contact\", contactController.postContact);\r\napp.get(\"/account\", passportConfig.isAuthenticated, userController.getAccount);\r\napp.post(\"/account/profile\", passportConfig.isAuthenticated, userController.postUpdateProfile);\r\napp.post(\"/account/password\", passportConfig.isAuthenticated, userController.postUpdatePassword);\r\napp.post(\"/account/delete\", passportConfig.isAuthenticated, userController.postDeleteAccount);\r\napp.get(\"/account/unlink/:provider\", passportConfig.isAuthenticated, userController.getOauthUnlink);\r\n\r\n/**\r\n * API examples routes.\r\n */\r\napp.get(\"/api\", apiController.getApi);\r\n\r\n\r\n/**\r\n * OAuth authentication routes. (Sign in)\r\n */\r\napp.get(\"/auth/facebook\", passport.authenticate(\"facebook\", { scope: [\"email\", \"public_profile\"] }));\r\napp.get(\"/auth/facebook/callback\", passport.authenticate(\"facebook\", { failureRedirect: \"/login\" }), (req, res) => {\r\n  res.redirect(req.session.returnTo || \"/\");\r\n});\r\n\r\nmodule.exports = app;"]},"_coverageSchema":"332fd63041d2c1bcb487cc26dd0d5f7d97098a6c","hash":"a23a8b3f572590bc064fd66e3c5622eb52bc7521"}
,"D:\\Projects\\node\\node-typescript-project\\src\\config\\passport.ts": {"path":"D:\\Projects\\node\\node-typescript-project\\src\\config\\passport.ts","statementMap":{"0":{"start":{"line":2,"column":0},"end":{"line":2,"column":62}},"1":{"start":{"line":3,"column":17},"end":{"line":3,"column":36}},"2":{"start":{"line":4,"column":22},"end":{"line":4,"column":47}},"3":{"start":{"line":5,"column":25},"end":{"line":5,"column":53}},"4":{"start":{"line":6,"column":10},"end":{"line":6,"column":27}},"5":{"start":{"line":8,"column":15},"end":{"line":8,"column":40}},"6":{"start":{"line":9,"column":22},"end":{"line":9,"column":44}},"7":{"start":{"line":10,"column":25},"end":{"line":10,"column":50}},"8":{"start":{"line":11,"column":0},"end":{"line":13,"column":3}},"9":{"start":{"line":12,"column":4},"end":{"line":12,"column":29}},"10":{"start":{"line":14,"column":0},"end":{"line":18,"column":3}},"11":{"start":{"line":15,"column":4},"end":{"line":17,"column":7}},"12":{"start":{"line":16,"column":8},"end":{"line":16,"column":24}},"13":{"start":{"line":22,"column":0},"end":{"line":40,"column":4}},"14":{"start":{"line":23,"column":4},"end":{"line":39,"column":7}},"15":{"start":{"line":24,"column":8},"end":{"line":26,"column":9}},"16":{"start":{"line":25,"column":12},"end":{"line":25,"column":29}},"17":{"start":{"line":27,"column":8},"end":{"line":29,"column":9}},"18":{"start":{"line":28,"column":12},"end":{"line":28,"column":84}},"19":{"start":{"line":30,"column":8},"end":{"line":38,"column":11}},"20":{"start":{"line":31,"column":12},"end":{"line":33,"column":13}},"21":{"start":{"line":32,"column":16},"end":{"line":32,"column":33}},"22":{"start":{"line":34,"column":12},"end":{"line":36,"column":13}},"23":{"start":{"line":35,"column":16},"end":{"line":35,"column":45}},"24":{"start":{"line":37,"column":12},"end":{"line":37,"column":85}},"25":{"start":{"line":58,"column":0},"end":{"line":124,"column":4}},"26":{"start":{"line":65,"column":4},"end":{"line":123,"column":5}},"27":{"start":{"line":66,"column":8},"end":{"line":90,"column":11}},"28":{"start":{"line":67,"column":12},"end":{"line":69,"column":13}},"29":{"start":{"line":68,"column":16},"end":{"line":68,"column":33}},"30":{"start":{"line":70,"column":12},"end":{"line":89,"column":13}},"31":{"start":{"line":71,"column":16},"end":{"line":71,"column":185}},"32":{"start":{"line":72,"column":16},"end":{"line":72,"column":26}},"33":{"start":{"line":75,"column":16},"end":{"line":88,"column":19}},"34":{"start":{"line":76,"column":20},"end":{"line":78,"column":21}},"35":{"start":{"line":77,"column":24},"end":{"line":77,"column":41}},"36":{"start":{"line":79,"column":20},"end":{"line":79,"column":47}},"37":{"start":{"line":80,"column":20},"end":{"line":80,"column":72}},"38":{"start":{"line":81,"column":20},"end":{"line":81,"column":116}},"39":{"start":{"line":82,"column":20},"end":{"line":82,"column":86}},"40":{"start":{"line":83,"column":20},"end":{"line":83,"column":129}},"41":{"start":{"line":84,"column":20},"end":{"line":87,"column":23}},"42":{"start":{"line":85,"column":24},"end":{"line":85,"column":88}},"43":{"start":{"line":86,"column":24},"end":{"line":86,"column":40}},"44":{"start":{"line":93,"column":8},"end":{"line":122,"column":11}},"45":{"start":{"line":94,"column":12},"end":{"line":96,"column":13}},"46":{"start":{"line":95,"column":16},"end":{"line":95,"column":33}},"47":{"start":{"line":97,"column":12},"end":{"line":99,"column":13}},"48":{"start":{"line":98,"column":16},"end":{"line":98,"column":53}},"49":{"start":{"line":100,"column":12},"end":{"line":121,"column":15}},"50":{"start":{"line":101,"column":16},"end":{"line":103,"column":17}},"51":{"start":{"line":102,"column":20},"end":{"line":102,"column":37}},"52":{"start":{"line":104,"column":16},"end":{"line":120,"column":17}},"53":{"start":{"line":105,"column":20},"end":{"line":105,"column":188}},"54":{"start":{"line":106,"column":20},"end":{"line":106,"column":30}},"55":{"start":{"line":109,"column":33},"end":{"line":109,"column":53}},"56":{"start":{"line":110,"column":20},"end":{"line":110,"column":53}},"57":{"start":{"line":111,"column":20},"end":{"line":111,"column":47}},"58":{"start":{"line":112,"column":20},"end":{"line":112,"column":72}},"59":{"start":{"line":113,"column":20},"end":{"line":113,"column":95}},"60":{"start":{"line":114,"column":20},"end":{"line":114,"column":63}},"61":{"start":{"line":115,"column":20},"end":{"line":115,"column":105}},"62":{"start":{"line":116,"column":20},"end":{"line":116,"column":104}},"63":{"start":{"line":117,"column":20},"end":{"line":119,"column":23}},"64":{"start":{"line":118,"column":24},"end":{"line":118,"column":40}},"65":{"start":{"line":128,"column":0},"end":{"line":133,"column":2}},"66":{"start":{"line":129,"column":4},"end":{"line":131,"column":5}},"67":{"start":{"line":130,"column":8},"end":{"line":130,"column":22}},"68":{"start":{"line":132,"column":4},"end":{"line":132,"column":27}},"69":{"start":{"line":137,"column":0},"end":{"line":145,"column":2}},"70":{"start":{"line":138,"column":21},"end":{"line":138,"column":53}},"71":{"start":{"line":139,"column":4},"end":{"line":144,"column":5}},"72":{"start":{"line":140,"column":8},"end":{"line":140,"column":15}},"73":{"start":{"line":143,"column":8},"end":{"line":143,"column":42}}},"fnMap":{"0":{"name":"(anonymous_0)","decl":{"start":{"line":11,"column":23},"end":{"line":11,"column":24}},"loc":{"start":{"line":11,"column":39},"end":{"line":13,"column":1}},"line":11},"1":{"name":"(anonymous_1)","decl":{"start":{"line":14,"column":25},"end":{"line":14,"column":26}},"loc":{"start":{"line":14,"column":39},"end":{"line":18,"column":1}},"line":14},"2":{"name":"(anonymous_2)","decl":{"start":{"line":15,"column":32},"end":{"line":15,"column":33}},"loc":{"start":{"line":15,"column":47},"end":{"line":17,"column":5}},"line":15},"3":{"name":"(anonymous_3)","decl":{"start":{"line":22,"column":59},"end":{"line":22,"column":60}},"loc":{"start":{"line":22,"column":86},"end":{"line":40,"column":1}},"line":22},"4":{"name":"(anonymous_4)","decl":{"start":{"line":23,"column":59},"end":{"line":23,"column":60}},"loc":{"start":{"line":23,"column":74},"end":{"line":39,"column":5}},"line":23},"5":{"name":"(anonymous_5)","decl":{"start":{"line":30,"column":39},"end":{"line":30,"column":40}},"loc":{"start":{"line":30,"column":57},"end":{"line":38,"column":9}},"line":30},"6":{"name":"(anonymous_6)","decl":{"start":{"line":64,"column":3},"end":{"line":64,"column":4}},"loc":{"start":{"line":64,"column":54},"end":{"line":124,"column":1}},"line":64},"7":{"name":"(anonymous_7)","decl":{"start":{"line":66,"column":57},"end":{"line":66,"column":58}},"loc":{"start":{"line":66,"column":80},"end":{"line":90,"column":9}},"line":66},"8":{"name":"(anonymous_8)","decl":{"start":{"line":75,"column":53},"end":{"line":75,"column":54}},"loc":{"start":{"line":75,"column":68},"end":{"line":88,"column":17}},"line":75},"9":{"name":"(anonymous_9)","decl":{"start":{"line":84,"column":30},"end":{"line":84,"column":31}},"loc":{"start":{"line":84,"column":39},"end":{"line":87,"column":21}},"line":84},"10":{"name":"(anonymous_10)","decl":{"start":{"line":93,"column":57},"end":{"line":93,"column":58}},"loc":{"start":{"line":93,"column":80},"end":{"line":122,"column":9}},"line":93},"11":{"name":"(anonymous_11)","decl":{"start":{"line":100,"column":67},"end":{"line":100,"column":68}},"loc":{"start":{"line":100,"column":95},"end":{"line":121,"column":13}},"line":100},"12":{"name":"(anonymous_12)","decl":{"start":{"line":117,"column":30},"end":{"line":117,"column":31}},"loc":{"start":{"line":117,"column":39},"end":{"line":119,"column":21}},"line":117},"13":{"name":"(anonymous_13)","decl":{"start":{"line":128,"column":26},"end":{"line":128,"column":27}},"loc":{"start":{"line":128,"column":46},"end":{"line":133,"column":1}},"line":128},"14":{"name":"(anonymous_14)","decl":{"start":{"line":137,"column":23},"end":{"line":137,"column":24}},"loc":{"start":{"line":137,"column":43},"end":{"line":145,"column":1}},"line":137}},"branchMap":{"0":{"loc":{"start":{"line":24,"column":8},"end":{"line":26,"column":9}},"type":"if","locations":[{"start":{"line":24,"column":8},"end":{"line":26,"column":9}},{"start":{"line":24,"column":8},"end":{"line":26,"column":9}}],"line":24},"1":{"loc":{"start":{"line":27,"column":8},"end":{"line":29,"column":9}},"type":"if","locations":[{"start":{"line":27,"column":8},"end":{"line":29,"column":9}},{"start":{"line":27,"column":8},"end":{"line":29,"column":9}}],"line":27},"2":{"loc":{"start":{"line":31,"column":12},"end":{"line":33,"column":13}},"type":"if","locations":[{"start":{"line":31,"column":12},"end":{"line":33,"column":13}},{"start":{"line":31,"column":12},"end":{"line":33,"column":13}}],"line":31},"3":{"loc":{"start":{"line":34,"column":12},"end":{"line":36,"column":13}},"type":"if","locations":[{"start":{"line":34,"column":12},"end":{"line":36,"column":13}},{"start":{"line":34,"column":12},"end":{"line":36,"column":13}}],"line":34},"4":{"loc":{"start":{"line":65,"column":4},"end":{"line":123,"column":5}},"type":"if","locations":[{"start":{"line":65,"column":4},"end":{"line":123,"column":5}},{"start":{"line":65,"column":4},"end":{"line":123,"column":5}}],"line":65},"5":{"loc":{"start":{"line":67,"column":12},"end":{"line":69,"column":13}},"type":"if","locations":[{"start":{"line":67,"column":12},"end":{"line":69,"column":13}},{"start":{"line":67,"column":12},"end":{"line":69,"column":13}}],"line":67},"6":{"loc":{"start":{"line":70,"column":12},"end":{"line":89,"column":13}},"type":"if","locations":[{"start":{"line":70,"column":12},"end":{"line":89,"column":13}},{"start":{"line":70,"column":12},"end":{"line":89,"column":13}}],"line":70},"7":{"loc":{"start":{"line":76,"column":20},"end":{"line":78,"column":21}},"type":"if","locations":[{"start":{"line":76,"column":20},"end":{"line":78,"column":21}},{"start":{"line":76,"column":20},"end":{"line":78,"column":21}}],"line":76},"8":{"loc":{"start":{"line":81,"column":40},"end":{"line":81,"column":115}},"type":"binary-expr","locations":[{"start":{"line":81,"column":40},"end":{"line":81,"column":57}},{"start":{"line":81,"column":61},"end":{"line":81,"column":115}}],"line":81},"9":{"loc":{"start":{"line":82,"column":42},"end":{"line":82,"column":85}},"type":"binary-expr","locations":[{"start":{"line":82,"column":42},"end":{"line":82,"column":61}},{"start":{"line":82,"column":65},"end":{"line":82,"column":85}}],"line":82},"10":{"loc":{"start":{"line":83,"column":43},"end":{"line":83,"column":128}},"type":"binary-expr","locations":[{"start":{"line":83,"column":43},"end":{"line":83,"column":63}},{"start":{"line":83,"column":67},"end":{"line":83,"column":128}}],"line":83},"11":{"loc":{"start":{"line":94,"column":12},"end":{"line":96,"column":13}},"type":"if","locations":[{"start":{"line":94,"column":12},"end":{"line":96,"column":13}},{"start":{"line":94,"column":12},"end":{"line":96,"column":13}}],"line":94},"12":{"loc":{"start":{"line":97,"column":12},"end":{"line":99,"column":13}},"type":"if","locations":[{"start":{"line":97,"column":12},"end":{"line":99,"column":13}},{"start":{"line":97,"column":12},"end":{"line":99,"column":13}}],"line":97},"13":{"loc":{"start":{"line":101,"column":16},"end":{"line":103,"column":17}},"type":"if","locations":[{"start":{"line":101,"column":16},"end":{"line":103,"column":17}},{"start":{"line":101,"column":16},"end":{"line":103,"column":17}}],"line":101},"14":{"loc":{"start":{"line":104,"column":16},"end":{"line":120,"column":17}},"type":"if","locations":[{"start":{"line":104,"column":16},"end":{"line":120,"column":17}},{"start":{"line":104,"column":16},"end":{"line":120,"column":17}}],"line":104},"15":{"loc":{"start":{"line":116,"column":44},"end":{"line":116,"column":103}},"type":"cond-expr","locations":[{"start":{"line":116,"column":71},"end":{"line":116,"column":98}},{"start":{"line":116,"column":101},"end":{"line":116,"column":103}}],"line":116},"16":{"loc":{"start":{"line":129,"column":4},"end":{"line":131,"column":5}},"type":"if","locations":[{"start":{"line":129,"column":4},"end":{"line":131,"column":5}},{"start":{"line":129,"column":4},"end":{"line":131,"column":5}}],"line":129},"17":{"loc":{"start":{"line":139,"column":4},"end":{"line":144,"column":5}},"type":"if","locations":[{"start":{"line":139,"column":4},"end":{"line":144,"column":5}},{"start":{"line":139,"column":4},"end":{"line":144,"column":5}}],"line":139}},"s":{"0":2,"1":2,"2":2,"3":2,"4":2,"5":2,"6":2,"7":2,"8":2,"9":0,"10":2,"11":0,"12":0,"13":2,"14":0,"15":0,"16":0,"17":0,"18":0,"19":0,"20":0,"21":0,"22":0,"23":0,"24":0,"25":2,"26":0,"27":0,"28":0,"29":0,"30":0,"31":0,"32":0,"33":0,"34":0,"35":0,"36":0,"37":0,"38":0,"39":0,"40":0,"41":0,"42":0,"43":0,"44":0,"45":0,"46":0,"47":0,"48":0,"49":0,"50":0,"51":0,"52":0,"53":0,"54":0,"55":0,"56":0,"57":0,"58":0,"59":0,"60":0,"61":0,"62":0,"63":0,"64":0,"65":2,"66":0,"67":0,"68":0,"69":2,"70":0,"71":0,"72":0,"73":0},"f":{"0":0,"1":0,"2":0,"3":0,"4":0,"5":0,"6":0,"7":0,"8":0,"9":0,"10":0,"11":0,"12":0,"13":0,"14":0},"b":{"0":[0,0],"1":[0,0],"2":[0,0],"3":[0,0],"4":[0,0],"5":[0,0],"6":[0,0],"7":[0,0],"8":[0,0],"9":[0,0],"10":[0,0],"11":[0,0],"12":[0,0],"13":[0,0],"14":[0,0],"15":[0,0],"16":[0,0],"17":[0,0]},"inputSourceMap":{"version":3,"file":"passport.js","sourceRoot":"","sources":["passport.ts"],"names":[],"mappings":";;AAAA,qCAAqC;AAErC,gDAAgD;AAChD,sDAAsD;AACtD,4BAA4B;AAE5B,mDAAmD;AACnD,yCAAiD;AAGjD,MAAM,aAAa,GAAG,aAAa,CAAC,QAAQ,CAAC;AAC7C,MAAM,gBAAgB,GAAG,gBAAgB,CAAC,QAAQ,CAAC;AAEnD,QAAQ,CAAC,aAAa,CAAW,CAAC,IAAI,EAAE,IAAI,EAAE,EAAE;IAC9C,IAAI,CAAC,SAAS,EAAE,IAAI,CAAC,EAAE,CAAC,CAAC;AAC3B,CAAC,CAAC,CAAC;AAEH,QAAQ,CAAC,eAAe,CAAC,CAAC,EAAE,EAAE,IAAI,EAAE,EAAE;IACpC,cAAI,CAAC,QAAQ,CAAC,EAAE,EAAE,CAAC,GAAG,EAAE,IAAI,EAAE,EAAE;QAC9B,IAAI,CAAC,GAAG,EAAE,IAAI,CAAC,CAAC;IAClB,CAAC,CAAC,CAAC;AACL,CAAC,CAAC,CAAC;AAGH;;GAEG;AACH,QAAQ,CAAC,GAAG,CAAC,IAAI,aAAa,CAAC,EAAE,aAAa,EAAE,OAAO,EAAE,EAAE,CAAC,KAAK,EAAE,QAAQ,EAAE,IAAI,EAAE,EAAE;IACnF,cAAI,CAAC,OAAO,CAAC,EAAE,KAAK,EAAE,KAAK,CAAC,WAAW,EAAE,EAAE,EAAE,CAAC,GAAG,EAAE,IAAS,EAAE,EAAE;QAC9D,EAAE,CAAC,CAAC,GAAG,CAAC,CAAC,CAAC;YAAC,MAAM,CAAC,IAAI,CAAC,GAAG,CAAC,CAAC;QAAC,CAAC;QAC9B,EAAE,CAAC,CAAC,CAAC,IAAI,CAAC,CAAC,CAAC;YACV,MAAM,CAAC,IAAI,CAAC,SAAS,EAAE,KAAK,EAAE,EAAE,OAAO,EAAE,SAAS,KAAK,aAAa,EAAE,CAAC,CAAC;QAC1E,CAAC;QACD,IAAI,CAAC,eAAe,CAAC,QAAQ,EAAE,CAAC,GAAU,EAAE,OAAgB,EAAE,EAAE;YAC9D,EAAE,CAAC,CAAC,GAAG,CAAC,CAAC,CAAC;gBAAC,MAAM,CAAC,IAAI,CAAC,GAAG,CAAC,CAAC;YAAC,CAAC;YAC9B,EAAE,CAAC,CAAC,OAAO,CAAC,CAAC,CAAC;gBACZ,MAAM,CAAC,IAAI,CAAC,SAAS,EAAE,IAAI,CAAC,CAAC;YAC/B,CAAC;YACD,MAAM,CAAC,IAAI,CAAC,SAAS,EAAE,KAAK,EAAE,EAAE,OAAO,EAAE,4BAA4B,EAAE,CAAC,CAAC;QAC3E,CAAC,CAAC,CAAC;IACL,CAAC,CAAC,CAAC;AACL,CAAC,CAAC,CAAC,CAAC;AAGJ;;;;;;;;;;;;;GAaG;AAGH;;GAEG;AACH,QAAQ,CAAC,GAAG,CAAC,IAAI,gBAAgB,CAAC;IAChC,QAAQ,EAAE,OAAO,CAAC,GAAG,CAAC,WAAW;IACjC,YAAY,EAAE,OAAO,CAAC,GAAG,CAAC,eAAe;IACzC,WAAW,EAAE,yBAAyB;IACtC,aAAa,EAAE,CAAC,MAAM,EAAE,OAAO,EAAE,MAAM,EAAE,QAAQ,EAAE,UAAU,CAAC;IAC9D,iBAAiB,EAAE,IAAI;CACxB,EAAE,CAAC,GAAQ,EAAE,WAAW,EAAE,YAAY,EAAE,OAAO,EAAE,IAAI,EAAE,EAAE;IACxD,EAAE,CAAC,CAAC,GAAG,CAAC,IAAI,CAAC,CAAC,CAAC;QACb,cAAI,CAAC,OAAO,CAAC,EAAE,QAAQ,EAAE,OAAO,CAAC,EAAE,EAAE,EAAE,CAAC,GAAG,EAAE,YAAY,EAAE,EAAE;YAC3D,EAAE,CAAC,CAAC,GAAG,CAAC,CAAC,CAAC;gBAAC,MAAM,CAAC,IAAI,CAAC,GAAG,CAAC,CAAC;YAAC,CAAC;YAC9B,EAAE,CAAC,CAAC,YAAY,CAAC,CAAC,CAAC;gBACjB,GAAG,CAAC,KAAK,CAAC,QAAQ,EAAE,EAAE,GAAG,EAAE,0IAA0I,EAAE,CAAC,CAAC;gBACzK,IAAI,CAAC,GAAG,CAAC,CAAC;YACZ,CAAC;YAAC,IAAI,CAAC,CAAC;gBACN,cAAI,CAAC,QAAQ,CAAC,GAAG,CAAC,IAAI,CAAC,EAAE,EAAE,CAAC,GAAG,EAAE,IAAS,EAAE,EAAE;oBAC5C,EAAE,CAAC,CAAC,GAAG,CAAC,CAAC,CAAC;wBAAC,MAAM,CAAC,IAAI,CAAC,GAAG,CAAC,CAAC;oBAAC,CAAC;oBAC9B,IAAI,CAAC,QAAQ,GAAG,OAAO,CAAC,EAAE,CAAC;oBAC3B,IAAI,CAAC,MAAM,CAAC,IAAI,CAAC,EAAE,IAAI,EAAE,UAAU,EAAE,WAAW,EAAE,CAAC,CAAC;oBACpD,IAAI,CAAC,OAAO,CAAC,IAAI,GAAG,IAAI,CAAC,OAAO,CAAC,IAAI,IAAI,GAAG,OAAO,CAAC,IAAI,CAAC,SAAS,IAAI,OAAO,CAAC,IAAI,CAAC,UAAU,EAAE,CAAC;oBAChG,IAAI,CAAC,OAAO,CAAC,MAAM,GAAG,IAAI,CAAC,OAAO,CAAC,MAAM,IAAI,OAAO,CAAC,KAAK,CAAC,MAAM,CAAC;oBAClE,IAAI,CAAC,OAAO,CAAC,OAAO,GAAG,IAAI,CAAC,OAAO,CAAC,OAAO,IAAI,8BAA8B,OAAO,CAAC,EAAE,qBAAqB,CAAC;oBAC7G,IAAI,CAAC,IAAI,CAAC,CAAC,GAAU,EAAE,EAAE;wBACvB,GAAG,CAAC,KAAK,CAAC,MAAM,EAAE,EAAE,GAAG,EAAE,mCAAmC,EAAE,CAAC,CAAC;wBAChE,IAAI,CAAC,GAAG,EAAE,IAAI,CAAC,CAAC;oBAClB,CAAC,CAAC,CAAC;gBACL,CAAC,CAAC,CAAC;YACL,CAAC;QACH,CAAC,CAAC,CAAC;IACL,CAAC;IAAC,IAAI,CAAC,CAAC;QACN,cAAI,CAAC,OAAO,CAAC,EAAE,QAAQ,EAAE,OAAO,CAAC,EAAE,EAAE,EAAE,CAAC,GAAG,EAAE,YAAY,EAAE,EAAE;YAC3D,EAAE,CAAC,CAAC,GAAG,CAAC,CAAC,CAAC;gBAAC,MAAM,CAAC,IAAI,CAAC,GAAG,CAAC,CAAC;YAAC,CAAC;YAC9B,EAAE,CAAC,CAAC,YAAY,CAAC,CAAC,CAAC;gBACjB,MAAM,CAAC,IAAI,CAAC,SAAS,EAAE,YAAY,CAAC,CAAC;YACvC,CAAC;YACD,cAAI,CAAC,OAAO,CAAC,EAAE,KAAK,EAAE,OAAO,CAAC,KAAK,CAAC,KAAK,EAAE,EAAE,CAAC,GAAG,EAAE,iBAAiB,EAAE,EAAE;gBACtE,EAAE,CAAC,CAAC,GAAG,CAAC,CAAC,CAAC;oBAAC,MAAM,CAAC,IAAI,CAAC,GAAG,CAAC,CAAC;gBAAC,CAAC;gBAC9B,EAAE,CAAC,CAAC,iBAAiB,CAAC,CAAC,CAAC;oBACtB,GAAG,CAAC,KAAK,CAAC,QAAQ,EAAE,EAAE,GAAG,EAAE,yIAAyI,EAAE,CAAC,CAAC;oBACxK,IAAI,CAAC,GAAG,CAAC,CAAC;gBACZ,CAAC;gBAAC,IAAI,CAAC,CAAC;oBACN,MAAM,IAAI,GAAQ,IAAI,cAAI,EAAE,CAAC;oBAC7B,IAAI,CAAC,KAAK,GAAG,OAAO,CAAC,KAAK,CAAC,KAAK,CAAC;oBACjC,IAAI,CAAC,QAAQ,GAAG,OAAO,CAAC,EAAE,CAAC;oBAC3B,IAAI,CAAC,MAAM,CAAC,IAAI,CAAC,EAAE,IAAI,EAAE,UAAU,EAAE,WAAW,EAAE,CAAC,CAAC;oBACpD,IAAI,CAAC,OAAO,CAAC,IAAI,GAAG,GAAG,OAAO,CAAC,IAAI,CAAC,SAAS,IAAI,OAAO,CAAC,IAAI,CAAC,UAAU,EAAE,CAAC;oBAC3E,IAAI,CAAC,OAAO,CAAC,MAAM,GAAG,OAAO,CAAC,KAAK,CAAC,MAAM,CAAC;oBAC3C,IAAI,CAAC,OAAO,CAAC,OAAO,GAAG,8BAA8B,OAAO,CAAC,EAAE,qBAAqB,CAAC;oBACrF,IAAI,CAAC,OAAO,CAAC,QAAQ,GAAG,CAAC,OAAO,CAAC,KAAK,CAAC,QAAQ,CAAC,CAAC,CAAC,CAAC,OAAO,CAAC,KAAK,CAAC,QAAQ,CAAC,IAAI,CAAC,CAAC,CAAC,EAAE,CAAC;oBACpF,IAAI,CAAC,IAAI,CAAC,CAAC,GAAU,EAAE,EAAE;wBACvB,IAAI,CAAC,GAAG,EAAE,IAAI,CAAC,CAAC;oBAClB,CAAC,CAAC,CAAC;gBACL,CAAC;YACH,CAAC,CAAC,CAAC;QACL,CAAC,CAAC,CAAC;IACL,CAAC;AACH,CAAC,CAAC,CAAC,CAAC;AAEJ;;GAEG;AACQ,QAAA,eAAe,GAAG,CAAC,GAAY,EAAE,GAAa,EAAE,IAAkB,EAAE,EAAE;IAC/E,EAAE,CAAC,CAAC,GAAG,CAAC,eAAe,EAAE,CAAC,CAAC,CAAC;QAC1B,MAAM,CAAC,IAAI,EAAE,CAAC;IAChB,CAAC;IACD,GAAG,CAAC,QAAQ,CAAC,QAAQ,CAAC,CAAC;AACzB,CAAC,CAAC;AAEF;;GAEG;AACQ,QAAA,YAAY,GAAG,CAAC,GAAY,EAAE,GAAa,EAAE,IAAkB,EAAE,EAAE;IAC5E,MAAM,QAAQ,GAAG,GAAG,CAAC,IAAI,CAAC,KAAK,CAAC,GAAG,CAAC,CAAC,KAAK,CAAC,CAAC,CAAC,CAAC,CAAC,CAAC,CAAC,CAAC;IAElD,EAAE,CAAC,CAAC,CAAC,CAAC,IAAI,CAAC,GAAG,CAAC,IAAI,CAAC,MAAM,EAAE,EAAE,IAAI,EAAE,QAAQ,EAAE,CAAC,CAAC,CAAC,CAAC;QAChD,IAAI,EAAE,CAAC;IACT,CAAC;IAAC,IAAI,CAAC,CAAC;QACN,GAAG,CAAC,QAAQ,CAAC,SAAS,QAAQ,EAAE,CAAC,CAAC;IACpC,CAAC;AACH,CAAC,CAAC","sourcesContent":["import * as passport from \"passport\";\r\nimport * as request from \"request\";\r\nimport * as passportLocal from \"passport-local\";\r\nimport * as passportFacebook from \"passport-facebook\";\r\nimport * as _ from \"lodash\";\r\n\r\n// import { User, UserType } from '../models/User';\r\nimport { default as User } from \"../models/User\";\r\nimport { Request, Response, NextFunction } from \"express\";\r\n\r\nconst LocalStrategy = passportLocal.Strategy;\r\nconst FacebookStrategy = passportFacebook.Strategy;\r\n\r\npassport.serializeUser<any, any>((user, done) => {\r\n  done(undefined, user.id);\r\n});\r\n\r\npassport.deserializeUser((id, done) => {\r\n  User.findById(id, (err, user) => {\r\n    done(err, user);\r\n  });\r\n});\r\n\r\n\r\n/**\r\n * Sign in using Email and Password.\r\n */\r\npassport.use(new LocalStrategy({ usernameField: \"email\" }, (email, password, done) => {\r\n  User.findOne({ email: email.toLowerCase() }, (err, user: any) => {\r\n    if (err) { return done(err); }\r\n    if (!user) {\r\n      return done(undefined, false, { message: `Email ${email} not found.` });\r\n    }\r\n    user.comparePassword(password, (err: Error, isMatch: boolean) => {\r\n      if (err) { return done(err); }\r\n      if (isMatch) {\r\n        return done(undefined, user);\r\n      }\r\n      return done(undefined, false, { message: \"Invalid email or password.\" });\r\n    });\r\n  });\r\n}));\r\n\r\n\r\n/**\r\n * OAuth Strategy Overview\r\n *\r\n * - User is already logged in.\r\n *   - Check if there is an existing account with a provider id.\r\n *     - If there is, return an error message. (Account merging not supported)\r\n *     - Else link new OAuth account with currently logged-in user.\r\n * - User is not logged in.\r\n *   - Check if it's a returning user.\r\n *     - If returning user, sign in and we are done.\r\n *     - Else check if there is an existing account with user's email.\r\n *       - If there is, return an error message.\r\n *       - Else create a new account.\r\n */\r\n\r\n\r\n/**\r\n * Sign in with Facebook.\r\n */\r\npassport.use(new FacebookStrategy({\r\n  clientID: process.env.FACEBOOK_ID,\r\n  clientSecret: process.env.FACEBOOK_SECRET,\r\n  callbackURL: \"/auth/facebook/callback\",\r\n  profileFields: [\"name\", \"email\", \"link\", \"locale\", \"timezone\"],\r\n  passReqToCallback: true\r\n}, (req: any, accessToken, refreshToken, profile, done) => {\r\n  if (req.user) {\r\n    User.findOne({ facebook: profile.id }, (err, existingUser) => {\r\n      if (err) { return done(err); }\r\n      if (existingUser) {\r\n        req.flash(\"errors\", { msg: \"There is already a Facebook account that belongs to you. Sign in with that account or delete it, then link it with your current account.\" });\r\n        done(err);\r\n      } else {\r\n        User.findById(req.user.id, (err, user: any) => {\r\n          if (err) { return done(err); }\r\n          user.facebook = profile.id;\r\n          user.tokens.push({ kind: \"facebook\", accessToken });\r\n          user.profile.name = user.profile.name || `${profile.name.givenName} ${profile.name.familyName}`;\r\n          user.profile.gender = user.profile.gender || profile._json.gender;\r\n          user.profile.picture = user.profile.picture || `https://graph.facebook.com/${profile.id}/picture?type=large`;\r\n          user.save((err: Error) => {\r\n            req.flash(\"info\", { msg: \"Facebook account has been linked.\" });\r\n            done(err, user);\r\n          });\r\n        });\r\n      }\r\n    });\r\n  } else {\r\n    User.findOne({ facebook: profile.id }, (err, existingUser) => {\r\n      if (err) { return done(err); }\r\n      if (existingUser) {\r\n        return done(undefined, existingUser);\r\n      }\r\n      User.findOne({ email: profile._json.email }, (err, existingEmailUser) => {\r\n        if (err) { return done(err); }\r\n        if (existingEmailUser) {\r\n          req.flash(\"errors\", { msg: \"There is already an account using this email address. Sign in to that account and link it with Facebook manually from Account Settings.\" });\r\n          done(err);\r\n        } else {\r\n          const user: any = new User();\r\n          user.email = profile._json.email;\r\n          user.facebook = profile.id;\r\n          user.tokens.push({ kind: \"facebook\", accessToken });\r\n          user.profile.name = `${profile.name.givenName} ${profile.name.familyName}`;\r\n          user.profile.gender = profile._json.gender;\r\n          user.profile.picture = `https://graph.facebook.com/${profile.id}/picture?type=large`;\r\n          user.profile.location = (profile._json.location) ? profile._json.location.name : \"\";\r\n          user.save((err: Error) => {\r\n            done(err, user);\r\n          });\r\n        }\r\n      });\r\n    });\r\n  }\r\n}));\r\n\r\n/**\r\n * Login Required middleware.\r\n */\r\nexport let isAuthenticated = (req: Request, res: Response, next: NextFunction) => {\r\n  if (req.isAuthenticated()) {\r\n    return next();\r\n  }\r\n  res.redirect(\"/login\");\r\n};\r\n\r\n/**\r\n * Authorization Required middleware.\r\n */\r\nexport let isAuthorized = (req: Request, res: Response, next: NextFunction) => {\r\n  const provider = req.path.split(\"/\").slice(-1)[0];\r\n\r\n  if (_.find(req.user.tokens, { kind: provider })) {\r\n    next();\r\n  } else {\r\n    res.redirect(`/auth/${provider}`);\r\n  }\r\n};\r\n"]},"_coverageSchema":"332fd63041d2c1bcb487cc26dd0d5f7d97098a6c","hash":"daf6864b7008d05d467d195ce647ceb9cb479b4e"}
,"D:\\Projects\\node\\node-typescript-project\\src\\controllers\\api.ts": {"path":"D:\\Projects\\node\\node-typescript-project\\src\\controllers\\api.ts","statementMap":{"0":{"start":{"line":2,"column":0},"end":{"line":2,"column":62}},"1":{"start":{"line":7,"column":0},"end":{"line":9,"column":2}},"2":{"start":{"line":8,"column":4},"end":{"line":8,"column":33}}},"fnMap":{"0":{"name":"(anonymous_0)","decl":{"start":{"line":7,"column":17},"end":{"line":7,"column":18}},"loc":{"start":{"line":7,"column":31},"end":{"line":9,"column":1}},"line":7}},"branchMap":{},"s":{"0":2,"1":2,"2":1},"f":{"0":1},"b":{},"inputSourceMap":{"version":3,"file":"api.js","sourceRoot":"","sources":["api.ts"],"names":[],"mappings":"AAAA,YAAY,CAAC;;AAQb;;;GAGG;AACQ,QAAA,MAAM,GAAG,CAAC,GAAY,EAAE,GAAa,EAAE,EAAE;IAClD,GAAG,CAAC,IAAI,CAAE,EAAC,QAAQ,EAAG,IAAI,EAAC,CAAC,CAAC;AAC/B,CAAC,CAAC","sourcesContent":["\"use strict\";\r\n\r\nimport * as async from \"async\";\r\nimport * as request from \"request\";\r\nimport * as graph from \"fbgraph\";\r\nimport { Response, Request, NextFunction } from \"express\";\r\n\r\n\r\n/**\r\n * GET /api\r\n * List of API examples.\r\n */\r\nexport let getApi = (req: Request, res: Response) => {\r\n  res.send( {'result' : 'ok'});\r\n};\r\n\r\n"]},"_coverageSchema":"332fd63041d2c1bcb487cc26dd0d5f7d97098a6c","hash":"6ea778cc645dd7d057b416bcb7fe23a9d495fee0"}
,"D:\\Projects\\node\\node-typescript-project\\src\\controllers\\contact.ts": {"path":"D:\\Projects\\node\\node-typescript-project\\src\\controllers\\contact.ts","statementMap":{"0":{"start":{"line":2,"column":0},"end":{"line":2,"column":62}},"1":{"start":{"line":3,"column":19},"end":{"line":3,"column":40}},"2":{"start":{"line":4,"column":20},"end":{"line":10,"column":2}},"3":{"start":{"line":15,"column":0},"end":{"line":19,"column":2}},"4":{"start":{"line":16,"column":4},"end":{"line":18,"column":7}},"5":{"start":{"line":24,"column":0},"end":{"line":47,"column":2}},"6":{"start":{"line":25,"column":4},"end":{"line":25,"column":58}},"7":{"start":{"line":26,"column":4},"end":{"line":26,"column":56}},"8":{"start":{"line":27,"column":4},"end":{"line":27,"column":64}},"9":{"start":{"line":28,"column":19},"end":{"line":28,"column":41}},"10":{"start":{"line":29,"column":4},"end":{"line":32,"column":5}},"11":{"start":{"line":30,"column":8},"end":{"line":30,"column":36}},"12":{"start":{"line":31,"column":8},"end":{"line":31,"column":40}},"13":{"start":{"line":33,"column":24},"end":{"line":38,"column":5}},"14":{"start":{"line":39,"column":4},"end":{"line":46,"column":7}},"15":{"start":{"line":40,"column":8},"end":{"line":43,"column":9}},"16":{"start":{"line":41,"column":12},"end":{"line":41,"column":54}},"17":{"start":{"line":42,"column":12},"end":{"line":42,"column":44}},"18":{"start":{"line":44,"column":8},"end":{"line":44,"column":75}},"19":{"start":{"line":45,"column":8},"end":{"line":45,"column":33}}},"fnMap":{"0":{"name":"(anonymous_0)","decl":{"start":{"line":15,"column":21},"end":{"line":15,"column":22}},"loc":{"start":{"line":15,"column":35},"end":{"line":19,"column":1}},"line":15},"1":{"name":"(anonymous_1)","decl":{"start":{"line":24,"column":22},"end":{"line":24,"column":23}},"loc":{"start":{"line":24,"column":36},"end":{"line":47,"column":1}},"line":24},"2":{"name":"(anonymous_2)","decl":{"start":{"line":39,"column":38},"end":{"line":39,"column":39}},"loc":{"start":{"line":39,"column":47},"end":{"line":46,"column":5}},"line":39}},"branchMap":{"0":{"loc":{"start":{"line":29,"column":4},"end":{"line":32,"column":5}},"type":"if","locations":[{"start":{"line":29,"column":4},"end":{"line":32,"column":5}},{"start":{"line":29,"column":4},"end":{"line":32,"column":5}}],"line":29},"1":{"loc":{"start":{"line":40,"column":8},"end":{"line":43,"column":9}},"type":"if","locations":[{"start":{"line":40,"column":8},"end":{"line":43,"column":9}},{"start":{"line":40,"column":8},"end":{"line":43,"column":9}}],"line":40}},"s":{"0":2,"1":2,"2":2,"3":2,"4":0,"5":2,"6":0,"7":0,"8":0,"9":0,"10":0,"11":0,"12":0,"13":0,"14":0,"15":0,"16":0,"17":0,"18":0,"19":0},"f":{"0":0,"1":0,"2":0},"b":{"0":[0,0],"1":[0,0]},"inputSourceMap":{"version":3,"file":"contact.js","sourceRoot":"","sources":["contact.ts"],"names":[],"mappings":";;AAAA,yCAAyC;AAGzC,MAAM,WAAW,GAAG,UAAU,CAAC,eAAe,CAAC;IAC7C,OAAO,EAAE,UAAU;IACnB,IAAI,EAAE;QACJ,IAAI,EAAE,OAAO,CAAC,GAAG,CAAC,aAAa;QAC/B,IAAI,EAAE,OAAO,CAAC,GAAG,CAAC,iBAAiB;KACpC;CACF,CAAC,CAAC;AAEH;;;GAGG;AACQ,QAAA,UAAU,GAAG,CAAC,GAAY,EAAE,GAAa,EAAE,EAAE;IACtD,GAAG,CAAC,MAAM,CAAC,SAAS,EAAE;QACpB,KAAK,EAAE,SAAS;KACjB,CAAC,CAAC;AACL,CAAC,CAAC;AAEF;;;GAGG;AACQ,QAAA,WAAW,GAAG,CAAC,GAAY,EAAE,GAAa,EAAE,EAAE;IACvD,GAAG,CAAC,MAAM,CAAC,MAAM,EAAE,sBAAsB,CAAC,CAAC,QAAQ,EAAE,CAAC;IACtD,GAAG,CAAC,MAAM,CAAC,OAAO,EAAE,oBAAoB,CAAC,CAAC,OAAO,EAAE,CAAC;IACpD,GAAG,CAAC,MAAM,CAAC,SAAS,EAAE,yBAAyB,CAAC,CAAC,QAAQ,EAAE,CAAC;IAE5D,MAAM,MAAM,GAAG,GAAG,CAAC,gBAAgB,EAAE,CAAC;IAEtC,EAAE,CAAC,CAAC,MAAM,CAAC,CAAC,CAAC;QACX,GAAG,CAAC,KAAK,CAAC,QAAQ,EAAE,MAAM,CAAC,CAAC;QAC5B,MAAM,CAAC,GAAG,CAAC,QAAQ,CAAC,UAAU,CAAC,CAAC;IAClC,CAAC;IAED,MAAM,WAAW,GAAG;QAClB,EAAE,EAAE,gBAAgB;QACpB,IAAI,EAAE,GAAG,GAAG,CAAC,IAAI,CAAC,IAAI,KAAK,GAAG,CAAC,IAAI,CAAC,KAAK,GAAG;QAC5C,OAAO,EAAE,cAAc;QACvB,IAAI,EAAE,GAAG,CAAC,IAAI,CAAC,OAAO;KACvB,CAAC;IAEF,WAAW,CAAC,QAAQ,CAAC,WAAW,EAAE,CAAC,GAAG,EAAE,EAAE;QACxC,EAAE,CAAC,CAAC,GAAG,CAAC,CAAC,CAAC;YACR,GAAG,CAAC,KAAK,CAAC,QAAQ,EAAE,EAAE,GAAG,EAAE,GAAG,CAAC,OAAO,EAAE,CAAC,CAAC;YAC1C,MAAM,CAAC,GAAG,CAAC,QAAQ,CAAC,UAAU,CAAC,CAAC;QAClC,CAAC;QACD,GAAG,CAAC,KAAK,CAAC,SAAS,EAAE,EAAE,GAAG,EAAE,mCAAmC,EAAE,CAAC,CAAC;QACnE,GAAG,CAAC,QAAQ,CAAC,UAAU,CAAC,CAAC;IAC3B,CAAC,CAAC,CAAC;AACL,CAAC,CAAC","sourcesContent":["import * as nodemailer from \"nodemailer\";\r\nimport { Request, Response } from \"express\";\r\n\r\nconst transporter = nodemailer.createTransport({\r\n  service: \"SendGrid\",\r\n  auth: {\r\n    user: process.env.SENDGRID_USER,\r\n    pass: process.env.SENDGRID_PASSWORD\r\n  }\r\n});\r\n\r\n/**\r\n * GET /contact\r\n * Contact form page.\r\n */\r\nexport let getContact = (req: Request, res: Response) => {\r\n  res.render(\"contact\", {\r\n    title: \"Contact\"\r\n  });\r\n};\r\n\r\n/**\r\n * POST /contact\r\n * Send a contact form via Nodemailer.\r\n */\r\nexport let postContact = (req: Request, res: Response) => {\r\n  req.assert(\"name\", \"Name cannot be blank\").notEmpty();\r\n  req.assert(\"email\", \"Email is not valid\").isEmail();\r\n  req.assert(\"message\", \"Message cannot be blank\").notEmpty();\r\n\r\n  const errors = req.validationErrors();\r\n\r\n  if (errors) {\r\n    req.flash(\"errors\", errors);\r\n    return res.redirect(\"/contact\");\r\n  }\r\n\r\n  const mailOptions = {\r\n    to: \"your@email.com\",\r\n    from: `${req.body.name} <${req.body.email}>`,\r\n    subject: \"Contact Form\",\r\n    text: req.body.message\r\n  };\r\n\r\n  transporter.sendMail(mailOptions, (err) => {\r\n    if (err) {\r\n      req.flash(\"errors\", { msg: err.message });\r\n      return res.redirect(\"/contact\");\r\n    }\r\n    req.flash(\"success\", { msg: \"Email has been sent successfully!\" });\r\n    res.redirect(\"/contact\");\r\n  });\r\n};\r\n"]},"_coverageSchema":"332fd63041d2c1bcb487cc26dd0d5f7d97098a6c","hash":"307e9418c24537eb71f8d59ee2dd636e89872afc"}
,"D:\\Projects\\node\\node-typescript-project\\src\\controllers\\user.ts": {"path":"D:\\Projects\\node\\node-typescript-project\\src\\controllers\\user.ts","statementMap":{"0":{"start":{"line":2,"column":0},"end":{"line":2,"column":62}},"1":{"start":{"line":3,"column":14},"end":{"line":3,"column":30}},"2":{"start":{"line":4,"column":15},"end":{"line":4,"column":32}},"3":{"start":{"line":5,"column":19},"end":{"line":5,"column":40}},"4":{"start":{"line":6,"column":17},"end":{"line":6,"column":36}},"5":{"start":{"line":7,"column":15},"end":{"line":7,"column":40}},"6":{"start":{"line":8,"column":16},"end":{"line":8,"column":44}},"7":{"start":{"line":13,"column":0},"end":{"line":20,"column":2}},"8":{"start":{"line":14,"column":4},"end":{"line":16,"column":5}},"9":{"start":{"line":15,"column":8},"end":{"line":15,"column":33}},"10":{"start":{"line":17,"column":4},"end":{"line":19,"column":7}},"11":{"start":{"line":25,"column":0},"end":{"line":50,"column":2}},"12":{"start":{"line":26,"column":4},"end":{"line":26,"column":56}},"13":{"start":{"line":27,"column":4},"end":{"line":27,"column":66}},"14":{"start":{"line":28,"column":4},"end":{"line":28,"column":71}},"15":{"start":{"line":29,"column":19},"end":{"line":29,"column":41}},"16":{"start":{"line":30,"column":4},"end":{"line":33,"column":5}},"17":{"start":{"line":31,"column":8},"end":{"line":31,"column":36}},"18":{"start":{"line":32,"column":8},"end":{"line":32,"column":38}},"19":{"start":{"line":34,"column":4},"end":{"line":49,"column":23}},"20":{"start":{"line":35,"column":8},"end":{"line":37,"column":9}},"21":{"start":{"line":36,"column":12},"end":{"line":36,"column":29}},"22":{"start":{"line":38,"column":8},"end":{"line":41,"column":9}},"23":{"start":{"line":39,"column":12},"end":{"line":39,"column":46}},"24":{"start":{"line":40,"column":12},"end":{"line":40,"column":42}},"25":{"start":{"line":42,"column":8},"end":{"line":48,"column":11}},"26":{"start":{"line":43,"column":12},"end":{"line":45,"column":13}},"27":{"start":{"line":44,"column":16},"end":{"line":44,"column":33}},"28":{"start":{"line":46,"column":12},"end":{"line":46,"column":73}},"29":{"start":{"line":47,"column":12},"end":{"line":47,"column":54}},"30":{"start":{"line":55,"column":0},"end":{"line":58,"column":2}},"31":{"start":{"line":56,"column":4},"end":{"line":56,"column":17}},"32":{"start":{"line":57,"column":4},"end":{"line":57,"column":22}},"33":{"start":{"line":63,"column":0},"end":{"line":70,"column":2}},"34":{"start":{"line":64,"column":4},"end":{"line":66,"column":5}},"35":{"start":{"line":65,"column":8},"end":{"line":65,"column":33}},"36":{"start":{"line":67,"column":4},"end":{"line":69,"column":7}},"37":{"start":{"line":75,"column":0},"end":{"line":109,"column":2}},"38":{"start":{"line":76,"column":4},"end":{"line":76,"column":56}},"39":{"start":{"line":77,"column":4},"end":{"line":77,"column":90}},"40":{"start":{"line":78,"column":4},"end":{"line":78,"column":86}},"41":{"start":{"line":79,"column":4},"end":{"line":79,"column":71}},"42":{"start":{"line":80,"column":19},"end":{"line":80,"column":41}},"43":{"start":{"line":81,"column":4},"end":{"line":84,"column":5}},"44":{"start":{"line":82,"column":8},"end":{"line":82,"column":36}},"45":{"start":{"line":83,"column":8},"end":{"line":83,"column":39}},"46":{"start":{"line":85,"column":17},"end":{"line":88,"column":6}},"47":{"start":{"line":89,"column":4},"end":{"line":108,"column":7}},"48":{"start":{"line":90,"column":8},"end":{"line":92,"column":9}},"49":{"start":{"line":91,"column":12},"end":{"line":91,"column":29}},"50":{"start":{"line":93,"column":8},"end":{"line":96,"column":9}},"51":{"start":{"line":94,"column":12},"end":{"line":94,"column":92}},"52":{"start":{"line":95,"column":12},"end":{"line":95,"column":43}},"53":{"start":{"line":97,"column":8},"end":{"line":107,"column":11}},"54":{"start":{"line":98,"column":12},"end":{"line":100,"column":13}},"55":{"start":{"line":99,"column":16},"end":{"line":99,"column":33}},"56":{"start":{"line":101,"column":12},"end":{"line":106,"column":15}},"57":{"start":{"line":102,"column":16},"end":{"line":104,"column":17}},"58":{"start":{"line":103,"column":20},"end":{"line":103,"column":37}},"59":{"start":{"line":105,"column":16},"end":{"line":105,"column":34}},"60":{"start":{"line":114,"column":0},"end":{"line":118,"column":2}},"61":{"start":{"line":115,"column":4},"end":{"line":117,"column":7}},"62":{"start":{"line":123,"column":0},"end":{"line":152,"column":2}},"63":{"start":{"line":124,"column":4},"end":{"line":124,"column":73}},"64":{"start":{"line":125,"column":4},"end":{"line":125,"column":71}},"65":{"start":{"line":126,"column":19},"end":{"line":126,"column":41}},"66":{"start":{"line":127,"column":4},"end":{"line":130,"column":5}},"67":{"start":{"line":128,"column":8},"end":{"line":128,"column":36}},"68":{"start":{"line":129,"column":8},"end":{"line":129,"column":40}},"69":{"start":{"line":131,"column":4},"end":{"line":151,"column":7}},"70":{"start":{"line":132,"column":8},"end":{"line":134,"column":9}},"71":{"start":{"line":133,"column":12},"end":{"line":133,"column":29}},"72":{"start":{"line":135,"column":8},"end":{"line":135,"column":42}},"73":{"start":{"line":136,"column":8},"end":{"line":136,"column":48}},"74":{"start":{"line":137,"column":8},"end":{"line":137,"column":52}},"75":{"start":{"line":138,"column":8},"end":{"line":138,"column":56}},"76":{"start":{"line":139,"column":8},"end":{"line":139,"column":54}},"77":{"start":{"line":140,"column":8},"end":{"line":150,"column":11}},"78":{"start":{"line":141,"column":12},"end":{"line":147,"column":13}},"79":{"start":{"line":142,"column":16},"end":{"line":145,"column":17}},"80":{"start":{"line":143,"column":20},"end":{"line":143,"column":126}},"81":{"start":{"line":144,"column":20},"end":{"line":144,"column":52}},"82":{"start":{"line":146,"column":16},"end":{"line":146,"column":33}},"83":{"start":{"line":148,"column":12},"end":{"line":148,"column":83}},"84":{"start":{"line":149,"column":12},"end":{"line":149,"column":37}},"85":{"start":{"line":157,"column":0},"end":{"line":178,"column":2}},"86":{"start":{"line":158,"column":4},"end":{"line":158,"column":90}},"87":{"start":{"line":159,"column":4},"end":{"line":159,"column":86}},"88":{"start":{"line":160,"column":19},"end":{"line":160,"column":41}},"89":{"start":{"line":161,"column":4},"end":{"line":164,"column":5}},"90":{"start":{"line":162,"column":8},"end":{"line":162,"column":36}},"91":{"start":{"line":163,"column":8},"end":{"line":163,"column":40}},"92":{"start":{"line":165,"column":4},"end":{"line":177,"column":7}},"93":{"start":{"line":166,"column":8},"end":{"line":168,"column":9}},"94":{"start":{"line":167,"column":12},"end":{"line":167,"column":29}},"95":{"start":{"line":169,"column":8},"end":{"line":169,"column":42}},"96":{"start":{"line":170,"column":8},"end":{"line":176,"column":11}},"97":{"start":{"line":171,"column":12},"end":{"line":173,"column":13}},"98":{"start":{"line":172,"column":16},"end":{"line":172,"column":33}},"99":{"start":{"line":174,"column":12},"end":{"line":174,"column":72}},"100":{"start":{"line":175,"column":12},"end":{"line":175,"column":37}},"101":{"start":{"line":183,"column":0},"end":{"line":192,"column":2}},"102":{"start":{"line":184,"column":4},"end":{"line":191,"column":7}},"103":{"start":{"line":185,"column":8},"end":{"line":187,"column":9}},"104":{"start":{"line":186,"column":12},"end":{"line":186,"column":29}},"105":{"start":{"line":188,"column":8},"end":{"line":188,"column":21}},"106":{"start":{"line":189,"column":8},"end":{"line":189,"column":69}},"107":{"start":{"line":190,"column":8},"end":{"line":190,"column":26}},"108":{"start":{"line":197,"column":0},"end":{"line":213,"column":2}},"109":{"start":{"line":198,"column":21},"end":{"line":198,"column":40}},"110":{"start":{"line":199,"column":4},"end":{"line":212,"column":7}},"111":{"start":{"line":200,"column":8},"end":{"line":202,"column":9}},"112":{"start":{"line":201,"column":12},"end":{"line":201,"column":29}},"113":{"start":{"line":203,"column":8},"end":{"line":203,"column":35}},"114":{"start":{"line":204,"column":8},"end":{"line":204,"column":77}},"115":{"start":{"line":204,"column":52},"end":{"line":204,"column":75}},"116":{"start":{"line":205,"column":8},"end":{"line":211,"column":11}},"117":{"start":{"line":206,"column":12},"end":{"line":208,"column":13}},"118":{"start":{"line":207,"column":16},"end":{"line":207,"column":33}},"119":{"start":{"line":209,"column":12},"end":{"line":209,"column":81}},"120":{"start":{"line":210,"column":12},"end":{"line":210,"column":37}},"121":{"start":{"line":218,"column":0},"end":{"line":237,"column":2}},"122":{"start":{"line":219,"column":4},"end":{"line":221,"column":5}},"123":{"start":{"line":220,"column":8},"end":{"line":220,"column":33}},"124":{"start":{"line":222,"column":4},"end":{"line":236,"column":7}},"125":{"start":{"line":226,"column":8},"end":{"line":228,"column":9}},"126":{"start":{"line":227,"column":12},"end":{"line":227,"column":29}},"127":{"start":{"line":229,"column":8},"end":{"line":232,"column":9}},"128":{"start":{"line":230,"column":12},"end":{"line":230,"column":92}},"129":{"start":{"line":231,"column":12},"end":{"line":231,"column":43}},"130":{"start":{"line":233,"column":8},"end":{"line":235,"column":11}},"131":{"start":{"line":242,"column":0},"end":{"line":301,"column":2}},"132":{"start":{"line":243,"column":4},"end":{"line":243,"column":91}},"133":{"start":{"line":244,"column":4},"end":{"line":244,"column":77}},"134":{"start":{"line":245,"column":19},"end":{"line":245,"column":41}},"135":{"start":{"line":246,"column":4},"end":{"line":249,"column":5}},"136":{"start":{"line":247,"column":8},"end":{"line":247,"column":36}},"137":{"start":{"line":248,"column":8},"end":{"line":248,"column":36}},"138":{"start":{"line":250,"column":4},"end":{"line":300,"column":7}},"139":{"start":{"line":252,"column":12},"end":{"line":274,"column":15}},"140":{"start":{"line":256,"column":16},"end":{"line":258,"column":17}},"141":{"start":{"line":257,"column":20},"end":{"line":257,"column":37}},"142":{"start":{"line":259,"column":16},"end":{"line":262,"column":17}},"143":{"start":{"line":260,"column":20},"end":{"line":260,"column":100}},"144":{"start":{"line":261,"column":20},"end":{"line":261,"column":48}},"145":{"start":{"line":263,"column":16},"end":{"line":263,"column":50}},"146":{"start":{"line":264,"column":16},"end":{"line":264,"column":52}},"147":{"start":{"line":265,"column":16},"end":{"line":265,"column":54}},"148":{"start":{"line":266,"column":16},"end":{"line":273,"column":19}},"149":{"start":{"line":267,"column":20},"end":{"line":269,"column":21}},"150":{"start":{"line":268,"column":24},"end":{"line":268,"column":41}},"151":{"start":{"line":270,"column":20},"end":{"line":272,"column":23}},"152":{"start":{"line":271,"column":24},"end":{"line":271,"column":40}},"153":{"start":{"line":277,"column":32},"end":{"line":283,"column":14}},"154":{"start":{"line":284,"column":32},"end":{"line":289,"column":13}},"155":{"start":{"line":290,"column":12},"end":{"line":293,"column":15}},"156":{"start":{"line":291,"column":16},"end":{"line":291,"column":90}},"157":{"start":{"line":292,"column":16},"end":{"line":292,"column":26}},"158":{"start":{"line":296,"column":8},"end":{"line":298,"column":9}},"159":{"start":{"line":297,"column":12},"end":{"line":297,"column":29}},"160":{"start":{"line":299,"column":8},"end":{"line":299,"column":26}},"161":{"start":{"line":306,"column":0},"end":{"line":313,"column":2}},"162":{"start":{"line":307,"column":4},"end":{"line":309,"column":5}},"163":{"start":{"line":308,"column":8},"end":{"line":308,"column":33}},"164":{"start":{"line":310,"column":4},"end":{"line":312,"column":7}},"165":{"start":{"line":318,"column":0},"end":{"line":377,"column":2}},"166":{"start":{"line":319,"column":4},"end":{"line":319,"column":73}},"167":{"start":{"line":320,"column":4},"end":{"line":320,"column":71}},"168":{"start":{"line":321,"column":19},"end":{"line":321,"column":41}},"169":{"start":{"line":322,"column":4},"end":{"line":325,"column":5}},"170":{"start":{"line":323,"column":8},"end":{"line":323,"column":36}},"171":{"start":{"line":324,"column":8},"end":{"line":324,"column":39}},"172":{"start":{"line":326,"column":4},"end":{"line":376,"column":7}},"173":{"start":{"line":328,"column":12},"end":{"line":331,"column":15}},"174":{"start":{"line":329,"column":30},"end":{"line":329,"column":49}},"175":{"start":{"line":330,"column":16},"end":{"line":330,"column":33}},"176":{"start":{"line":334,"column":12},"end":{"line":347,"column":15}},"177":{"start":{"line":335,"column":16},"end":{"line":337,"column":17}},"178":{"start":{"line":336,"column":20},"end":{"line":336,"column":37}},"179":{"start":{"line":338,"column":16},"end":{"line":341,"column":17}},"180":{"start":{"line":339,"column":20},"end":{"line":339,"column":100}},"181":{"start":{"line":340,"column":20},"end":{"line":340,"column":51}},"182":{"start":{"line":342,"column":16},"end":{"line":342,"column":48}},"183":{"start":{"line":343,"column":16},"end":{"line":343,"column":65}},"184":{"start":{"line":344,"column":16},"end":{"line":346,"column":19}},"185":{"start":{"line":345,"column":20},"end":{"line":345,"column":43}},"186":{"start":{"line":350,"column":32},"end":{"line":356,"column":14}},"187":{"start":{"line":357,"column":32},"end":{"line":365,"column":13}},"188":{"start":{"line":366,"column":12},"end":{"line":369,"column":15}},"189":{"start":{"line":367,"column":16},"end":{"line":367,"column":114}},"190":{"start":{"line":368,"column":16},"end":{"line":368,"column":26}},"191":{"start":{"line":372,"column":8},"end":{"line":374,"column":9}},"192":{"start":{"line":373,"column":12},"end":{"line":373,"column":29}},"193":{"start":{"line":375,"column":8},"end":{"line":375,"column":32}}},"fnMap":{"0":{"name":"(anonymous_0)","decl":{"start":{"line":13,"column":19},"end":{"line":13,"column":20}},"loc":{"start":{"line":13,"column":33},"end":{"line":20,"column":1}},"line":13},"1":{"name":"(anonymous_1)","decl":{"start":{"line":25,"column":20},"end":{"line":25,"column":21}},"loc":{"start":{"line":25,"column":40},"end":{"line":50,"column":1}},"line":25},"2":{"name":"(anonymous_2)","decl":{"start":{"line":34,"column":35},"end":{"line":34,"column":36}},"loc":{"start":{"line":34,"column":56},"end":{"line":49,"column":5}},"line":34},"3":{"name":"(anonymous_3)","decl":{"start":{"line":42,"column":24},"end":{"line":42,"column":25}},"loc":{"start":{"line":42,"column":33},"end":{"line":48,"column":9}},"line":42},"4":{"name":"(anonymous_4)","decl":{"start":{"line":55,"column":17},"end":{"line":55,"column":18}},"loc":{"start":{"line":55,"column":31},"end":{"line":58,"column":1}},"line":55},"5":{"name":"(anonymous_5)","decl":{"start":{"line":63,"column":20},"end":{"line":63,"column":21}},"loc":{"start":{"line":63,"column":34},"end":{"line":70,"column":1}},"line":63},"6":{"name":"(anonymous_6)","decl":{"start":{"line":75,"column":21},"end":{"line":75,"column":22}},"loc":{"start":{"line":75,"column":41},"end":{"line":109,"column":1}},"line":75},"7":{"name":"(anonymous_7)","decl":{"start":{"line":89,"column":54},"end":{"line":89,"column":55}},"loc":{"start":{"line":89,"column":77},"end":{"line":108,"column":5}},"line":89},"8":{"name":"(anonymous_8)","decl":{"start":{"line":97,"column":18},"end":{"line":97,"column":19}},"loc":{"start":{"line":97,"column":27},"end":{"line":107,"column":9}},"line":97},"9":{"name":"(anonymous_9)","decl":{"start":{"line":101,"column":28},"end":{"line":101,"column":29}},"loc":{"start":{"line":101,"column":37},"end":{"line":106,"column":13}},"line":101},"10":{"name":"(anonymous_10)","decl":{"start":{"line":114,"column":21},"end":{"line":114,"column":22}},"loc":{"start":{"line":114,"column":35},"end":{"line":118,"column":1}},"line":114},"11":{"name":"(anonymous_11)","decl":{"start":{"line":123,"column":28},"end":{"line":123,"column":29}},"loc":{"start":{"line":123,"column":48},"end":{"line":152,"column":1}},"line":123},"12":{"name":"(anonymous_12)","decl":{"start":{"line":131,"column":41},"end":{"line":131,"column":42}},"loc":{"start":{"line":131,"column":56},"end":{"line":151,"column":5}},"line":131},"13":{"name":"(anonymous_13)","decl":{"start":{"line":140,"column":18},"end":{"line":140,"column":19}},"loc":{"start":{"line":140,"column":27},"end":{"line":150,"column":9}},"line":140},"14":{"name":"(anonymous_14)","decl":{"start":{"line":157,"column":29},"end":{"line":157,"column":30}},"loc":{"start":{"line":157,"column":49},"end":{"line":178,"column":1}},"line":157},"15":{"name":"(anonymous_15)","decl":{"start":{"line":165,"column":41},"end":{"line":165,"column":42}},"loc":{"start":{"line":165,"column":56},"end":{"line":177,"column":5}},"line":165},"16":{"name":"(anonymous_16)","decl":{"start":{"line":170,"column":18},"end":{"line":170,"column":19}},"loc":{"start":{"line":170,"column":27},"end":{"line":176,"column":9}},"line":170},"17":{"name":"(anonymous_17)","decl":{"start":{"line":183,"column":28},"end":{"line":183,"column":29}},"loc":{"start":{"line":183,"column":48},"end":{"line":192,"column":1}},"line":183},"18":{"name":"(anonymous_18)","decl":{"start":{"line":184,"column":48},"end":{"line":184,"column":49}},"loc":{"start":{"line":184,"column":57},"end":{"line":191,"column":5}},"line":184},"19":{"name":"(anonymous_19)","decl":{"start":{"line":197,"column":25},"end":{"line":197,"column":26}},"loc":{"start":{"line":197,"column":45},"end":{"line":213,"column":1}},"line":197},"20":{"name":"(anonymous_20)","decl":{"start":{"line":199,"column":41},"end":{"line":199,"column":42}},"loc":{"start":{"line":199,"column":56},"end":{"line":212,"column":5}},"line":199},"21":{"name":"(anonymous_21)","decl":{"start":{"line":204,"column":41},"end":{"line":204,"column":42}},"loc":{"start":{"line":204,"column":52},"end":{"line":204,"column":75}},"line":204},"22":{"name":"(anonymous_22)","decl":{"start":{"line":205,"column":18},"end":{"line":205,"column":19}},"loc":{"start":{"line":205,"column":27},"end":{"line":211,"column":9}},"line":205},"23":{"name":"(anonymous_23)","decl":{"start":{"line":218,"column":19},"end":{"line":218,"column":20}},"loc":{"start":{"line":218,"column":39},"end":{"line":237,"column":1}},"line":218},"24":{"name":"(anonymous_24)","decl":{"start":{"line":225,"column":14},"end":{"line":225,"column":15}},"loc":{"start":{"line":225,"column":29},"end":{"line":236,"column":5}},"line":225},"25":{"name":"(anonymous_25)","decl":{"start":{"line":242,"column":20},"end":{"line":242,"column":21}},"loc":{"start":{"line":242,"column":40},"end":{"line":301,"column":1}},"line":242},"26":{"name":"resetPassword","decl":{"start":{"line":251,"column":17},"end":{"line":251,"column":30}},"loc":{"start":{"line":251,"column":37},"end":{"line":275,"column":9}},"line":251},"27":{"name":"(anonymous_27)","decl":{"start":{"line":255,"column":22},"end":{"line":255,"column":23}},"loc":{"start":{"line":255,"column":37},"end":{"line":274,"column":13}},"line":255},"28":{"name":"(anonymous_28)","decl":{"start":{"line":266,"column":26},"end":{"line":266,"column":27}},"loc":{"start":{"line":266,"column":35},"end":{"line":273,"column":17}},"line":266},"29":{"name":"(anonymous_29)","decl":{"start":{"line":270,"column":36},"end":{"line":270,"column":37}},"loc":{"start":{"line":270,"column":45},"end":{"line":272,"column":21}},"line":270},"30":{"name":"sendResetPasswordEmail","decl":{"start":{"line":276,"column":17},"end":{"line":276,"column":39}},"loc":{"start":{"line":276,"column":52},"end":{"line":294,"column":9}},"line":276},"31":{"name":"(anonymous_31)","decl":{"start":{"line":290,"column":46},"end":{"line":290,"column":47}},"loc":{"start":{"line":290,"column":55},"end":{"line":293,"column":13}},"line":290},"32":{"name":"(anonymous_32)","decl":{"start":{"line":295,"column":7},"end":{"line":295,"column":8}},"loc":{"start":{"line":295,"column":16},"end":{"line":300,"column":5}},"line":295},"33":{"name":"(anonymous_33)","decl":{"start":{"line":306,"column":20},"end":{"line":306,"column":21}},"loc":{"start":{"line":306,"column":34},"end":{"line":313,"column":1}},"line":306},"34":{"name":"(anonymous_34)","decl":{"start":{"line":318,"column":21},"end":{"line":318,"column":22}},"loc":{"start":{"line":318,"column":41},"end":{"line":377,"column":1}},"line":318},"35":{"name":"createRandomToken","decl":{"start":{"line":327,"column":17},"end":{"line":327,"column":34}},"loc":{"start":{"line":327,"column":41},"end":{"line":332,"column":9}},"line":327},"36":{"name":"(anonymous_36)","decl":{"start":{"line":328,"column":35},"end":{"line":328,"column":36}},"loc":{"start":{"line":328,"column":49},"end":{"line":331,"column":13}},"line":328},"37":{"name":"setRandomToken","decl":{"start":{"line":333,"column":17},"end":{"line":333,"column":31}},"loc":{"start":{"line":333,"column":45},"end":{"line":348,"column":9}},"line":333},"38":{"name":"(anonymous_38)","decl":{"start":{"line":334,"column":62},"end":{"line":334,"column":63}},"loc":{"start":{"line":334,"column":77},"end":{"line":347,"column":13}},"line":334},"39":{"name":"(anonymous_39)","decl":{"start":{"line":344,"column":26},"end":{"line":344,"column":27}},"loc":{"start":{"line":344,"column":35},"end":{"line":346,"column":17}},"line":344},"40":{"name":"sendForgotPasswordEmail","decl":{"start":{"line":349,"column":17},"end":{"line":349,"column":40}},"loc":{"start":{"line":349,"column":60},"end":{"line":370,"column":9}},"line":349},"41":{"name":"(anonymous_41)","decl":{"start":{"line":366,"column":46},"end":{"line":366,"column":47}},"loc":{"start":{"line":366,"column":55},"end":{"line":369,"column":13}},"line":366},"42":{"name":"(anonymous_42)","decl":{"start":{"line":371,"column":7},"end":{"line":371,"column":8}},"loc":{"start":{"line":371,"column":16},"end":{"line":376,"column":5}},"line":371}},"branchMap":{"0":{"loc":{"start":{"line":14,"column":4},"end":{"line":16,"column":5}},"type":"if","locations":[{"start":{"line":14,"column":4},"end":{"line":16,"column":5}},{"start":{"line":14,"column":4},"end":{"line":16,"column":5}}],"line":14},"1":{"loc":{"start":{"line":30,"column":4},"end":{"line":33,"column":5}},"type":"if","locations":[{"start":{"line":30,"column":4},"end":{"line":33,"column":5}},{"start":{"line":30,"column":4},"end":{"line":33,"column":5}}],"line":30},"2":{"loc":{"start":{"line":35,"column":8},"end":{"line":37,"column":9}},"type":"if","locations":[{"start":{"line":35,"column":8},"end":{"line":37,"column":9}},{"start":{"line":35,"column":8},"end":{"line":37,"column":9}}],"line":35},"3":{"loc":{"start":{"line":38,"column":8},"end":{"line":41,"column":9}},"type":"if","locations":[{"start":{"line":38,"column":8},"end":{"line":41,"column":9}},{"start":{"line":38,"column":8},"end":{"line":41,"column":9}}],"line":38},"4":{"loc":{"start":{"line":43,"column":12},"end":{"line":45,"column":13}},"type":"if","locations":[{"start":{"line":43,"column":12},"end":{"line":45,"column":13}},{"start":{"line":43,"column":12},"end":{"line":45,"column":13}}],"line":43},"5":{"loc":{"start":{"line":47,"column":25},"end":{"line":47,"column":52}},"type":"binary-expr","locations":[{"start":{"line":47,"column":25},"end":{"line":47,"column":45}},{"start":{"line":47,"column":49},"end":{"line":47,"column":52}}],"line":47},"6":{"loc":{"start":{"line":64,"column":4},"end":{"line":66,"column":5}},"type":"if","locations":[{"start":{"line":64,"column":4},"end":{"line":66,"column":5}},{"start":{"line":64,"column":4},"end":{"line":66,"column":5}}],"line":64},"7":{"loc":{"start":{"line":81,"column":4},"end":{"line":84,"column":5}},"type":"if","locations":[{"start":{"line":81,"column":4},"end":{"line":84,"column":5}},{"start":{"line":81,"column":4},"end":{"line":84,"column":5}}],"line":81},"8":{"loc":{"start":{"line":90,"column":8},"end":{"line":92,"column":9}},"type":"if","locations":[{"start":{"line":90,"column":8},"end":{"line":92,"column":9}},{"start":{"line":90,"column":8},"end":{"line":92,"column":9}}],"line":90},"9":{"loc":{"start":{"line":93,"column":8},"end":{"line":96,"column":9}},"type":"if","locations":[{"start":{"line":93,"column":8},"end":{"line":96,"column":9}},{"start":{"line":93,"column":8},"end":{"line":96,"column":9}}],"line":93},"10":{"loc":{"start":{"line":98,"column":12},"end":{"line":100,"column":13}},"type":"if","locations":[{"start":{"line":98,"column":12},"end":{"line":100,"column":13}},{"start":{"line":98,"column":12},"end":{"line":100,"column":13}}],"line":98},"11":{"loc":{"start":{"line":102,"column":16},"end":{"line":104,"column":17}},"type":"if","locations":[{"start":{"line":102,"column":16},"end":{"line":104,"column":17}},{"start":{"line":102,"column":16},"end":{"line":104,"column":17}}],"line":102},"12":{"loc":{"start":{"line":127,"column":4},"end":{"line":130,"column":5}},"type":"if","locations":[{"start":{"line":127,"column":4},"end":{"line":130,"column":5}},{"start":{"line":127,"column":4},"end":{"line":130,"column":5}}],"line":127},"13":{"loc":{"start":{"line":132,"column":8},"end":{"line":134,"column":9}},"type":"if","locations":[{"start":{"line":132,"column":8},"end":{"line":134,"column":9}},{"start":{"line":132,"column":8},"end":{"line":134,"column":9}}],"line":132},"14":{"loc":{"start":{"line":135,"column":21},"end":{"line":135,"column":41}},"type":"binary-expr","locations":[{"start":{"line":135,"column":21},"end":{"line":135,"column":35}},{"start":{"line":135,"column":39},"end":{"line":135,"column":41}}],"line":135},"15":{"loc":{"start":{"line":136,"column":28},"end":{"line":136,"column":47}},"type":"binary-expr","locations":[{"start":{"line":136,"column":28},"end":{"line":136,"column":41}},{"start":{"line":136,"column":45},"end":{"line":136,"column":47}}],"line":136},"16":{"loc":{"start":{"line":137,"column":30},"end":{"line":137,"column":51}},"type":"binary-expr","locations":[{"start":{"line":137,"column":30},"end":{"line":137,"column":45}},{"start":{"line":137,"column":49},"end":{"line":137,"column":51}}],"line":137},"17":{"loc":{"start":{"line":138,"column":32},"end":{"line":138,"column":55}},"type":"binary-expr","locations":[{"start":{"line":138,"column":32},"end":{"line":138,"column":49}},{"start":{"line":138,"column":53},"end":{"line":138,"column":55}}],"line":138},"18":{"loc":{"start":{"line":139,"column":31},"end":{"line":139,"column":53}},"type":"binary-expr","locations":[{"start":{"line":139,"column":31},"end":{"line":139,"column":47}},{"start":{"line":139,"column":51},"end":{"line":139,"column":53}}],"line":139},"19":{"loc":{"start":{"line":141,"column":12},"end":{"line":147,"column":13}},"type":"if","locations":[{"start":{"line":141,"column":12},"end":{"line":147,"column":13}},{"start":{"line":141,"column":12},"end":{"line":147,"column":13}}],"line":141},"20":{"loc":{"start":{"line":142,"column":16},"end":{"line":145,"column":17}},"type":"if","locations":[{"start":{"line":142,"column":16},"end":{"line":145,"column":17}},{"start":{"line":142,"column":16},"end":{"line":145,"column":17}}],"line":142},"21":{"loc":{"start":{"line":161,"column":4},"end":{"line":164,"column":5}},"type":"if","locations":[{"start":{"line":161,"column":4},"end":{"line":164,"column":5}},{"start":{"line":161,"column":4},"end":{"line":164,"column":5}}],"line":161},"22":{"loc":{"start":{"line":166,"column":8},"end":{"line":168,"column":9}},"type":"if","locations":[{"start":{"line":166,"column":8},"end":{"line":168,"column":9}},{"start":{"line":166,"column":8},"end":{"line":168,"column":9}}],"line":166},"23":{"loc":{"start":{"line":171,"column":12},"end":{"line":173,"column":13}},"type":"if","locations":[{"start":{"line":171,"column":12},"end":{"line":173,"column":13}},{"start":{"line":171,"column":12},"end":{"line":173,"column":13}}],"line":171},"24":{"loc":{"start":{"line":185,"column":8},"end":{"line":187,"column":9}},"type":"if","locations":[{"start":{"line":185,"column":8},"end":{"line":187,"column":9}},{"start":{"line":185,"column":8},"end":{"line":187,"column":9}}],"line":185},"25":{"loc":{"start":{"line":200,"column":8},"end":{"line":202,"column":9}},"type":"if","locations":[{"start":{"line":200,"column":8},"end":{"line":202,"column":9}},{"start":{"line":200,"column":8},"end":{"line":202,"column":9}}],"line":200},"26":{"loc":{"start":{"line":206,"column":12},"end":{"line":208,"column":13}},"type":"if","locations":[{"start":{"line":206,"column":12},"end":{"line":208,"column":13}},{"start":{"line":206,"column":12},"end":{"line":208,"column":13}}],"line":206},"27":{"loc":{"start":{"line":219,"column":4},"end":{"line":221,"column":5}},"type":"if","locations":[{"start":{"line":219,"column":4},"end":{"line":221,"column":5}},{"start":{"line":219,"column":4},"end":{"line":221,"column":5}}],"line":219},"28":{"loc":{"start":{"line":226,"column":8},"end":{"line":228,"column":9}},"type":"if","locations":[{"start":{"line":226,"column":8},"end":{"line":228,"column":9}},{"start":{"line":226,"column":8},"end":{"line":228,"column":9}}],"line":226},"29":{"loc":{"start":{"line":229,"column":8},"end":{"line":232,"column":9}},"type":"if","locations":[{"start":{"line":229,"column":8},"end":{"line":232,"column":9}},{"start":{"line":229,"column":8},"end":{"line":232,"column":9}}],"line":229},"30":{"loc":{"start":{"line":246,"column":4},"end":{"line":249,"column":5}},"type":"if","locations":[{"start":{"line":246,"column":4},"end":{"line":249,"column":5}},{"start":{"line":246,"column":4},"end":{"line":249,"column":5}}],"line":246},"31":{"loc":{"start":{"line":256,"column":16},"end":{"line":258,"column":17}},"type":"if","locations":[{"start":{"line":256,"column":16},"end":{"line":258,"column":17}},{"start":{"line":256,"column":16},"end":{"line":258,"column":17}}],"line":256},"32":{"loc":{"start":{"line":259,"column":16},"end":{"line":262,"column":17}},"type":"if","locations":[{"start":{"line":259,"column":16},"end":{"line":262,"column":17}},{"start":{"line":259,"column":16},"end":{"line":262,"column":17}}],"line":259},"33":{"loc":{"start":{"line":267,"column":20},"end":{"line":269,"column":21}},"type":"if","locations":[{"start":{"line":267,"column":20},"end":{"line":269,"column":21}},{"start":{"line":267,"column":20},"end":{"line":269,"column":21}}],"line":267},"34":{"loc":{"start":{"line":296,"column":8},"end":{"line":298,"column":9}},"type":"if","locations":[{"start":{"line":296,"column":8},"end":{"line":298,"column":9}},{"start":{"line":296,"column":8},"end":{"line":298,"column":9}}],"line":296},"35":{"loc":{"start":{"line":307,"column":4},"end":{"line":309,"column":5}},"type":"if","locations":[{"start":{"line":307,"column":4},"end":{"line":309,"column":5}},{"start":{"line":307,"column":4},"end":{"line":309,"column":5}}],"line":307},"36":{"loc":{"start":{"line":322,"column":4},"end":{"line":325,"column":5}},"type":"if","locations":[{"start":{"line":322,"column":4},"end":{"line":325,"column":5}},{"start":{"line":322,"column":4},"end":{"line":325,"column":5}}],"line":322},"37":{"loc":{"start":{"line":335,"column":16},"end":{"line":337,"column":17}},"type":"if","locations":[{"start":{"line":335,"column":16},"end":{"line":337,"column":17}},{"start":{"line":335,"column":16},"end":{"line":337,"column":17}}],"line":335},"38":{"loc":{"start":{"line":338,"column":16},"end":{"line":341,"column":17}},"type":"if","locations":[{"start":{"line":338,"column":16},"end":{"line":341,"column":17}},{"start":{"line":338,"column":16},"end":{"line":341,"column":17}}],"line":338},"39":{"loc":{"start":{"line":372,"column":8},"end":{"line":374,"column":9}},"type":"if","locations":[{"start":{"line":372,"column":8},"end":{"line":374,"column":9}},{"start":{"line":372,"column":8},"end":{"line":374,"column":9}}],"line":372}},"s":{"0":2,"1":2,"2":2,"3":2,"4":2,"5":2,"6":2,"7":2,"8":0,"9":0,"10":0,"11":2,"12":0,"13":0,"14":0,"15":0,"16":0,"17":0,"18":0,"19":0,"20":0,"21":0,"22":0,"23":0,"24":0,"25":0,"26":0,"27":0,"28":0,"29":0,"30":2,"31":0,"32":0,"33":2,"34":0,"35":0,"36":0,"37":2,"38":0,"39":0,"40":0,"41":0,"42":0,"43":0,"44":0,"45":0,"46":0,"47":0,"48":0,"49":0,"50":0,"51":0,"52":0,"53":0,"54":0,"55":0,"56":0,"57":0,"58":0,"59":0,"60":2,"61":0,"62":2,"63":0,"64":0,"65":0,"66":0,"67":0,"68":0,"69":0,"70":0,"71":0,"72":0,"73":0,"74":0,"75":0,"76":0,"77":0,"7
[...]
/\");\r\n  }\r\n  res.render(\"account/signup\", {\r\n    title: \"Create Account\"\r\n  });\r\n};\r\n\r\n/**\r\n * POST /signup\r\n * Create a new local account.\r\n */\r\nexport let postSignup = (req: Request, res: Response, next: NextFunction) => {\r\n  req.assert(\"email\", \"Email is not valid\").isEmail();\r\n  req.assert(\"password\", \"Password must be at least 4 characters long\").len({ min: 4 });\r\n  req.assert(\"confirmPassword\", \"Passwords do not match\").equals(req.body.password);\r\n  req.sanitize(\"email\").normalizeEmail({ gmail_remove_dots: false });\r\n\r\n  const errors = req.validationErrors();\r\n\r\n  if (errors) {\r\n    req.flash(\"errors\", errors);\r\n    return res.redirect(\"/signup\");\r\n  }\r\n\r\n  const user = new User({\r\n    email: req.body.email,\r\n    password: req.body.password\r\n  });\r\n\r\n  User.findOne({ email: req.body.email }, (err, existingUser) => {\r\n    if (err) { return next(err); }\r\n    if (existingUser) {\r\n      req.flash(\"errors\", { msg: \"Account with that email address already exists.\" });\r\n      return res.redirect(\"/signup\");\r\n    }\r\n    user.save((err) => {\r\n      if (err) { return next(err); }\r\n      req.logIn(user, (err) => {\r\n        if (err) {\r\n          return next(err);\r\n        }\r\n        res.redirect(\"/\");\r\n      });\r\n    });\r\n  });\r\n};\r\n\r\n/**\r\n * GET /account\r\n * Profile page.\r\n */\r\nexport let getAccount = (req: Request, res: Response) => {\r\n  res.render(\"account/profile\", {\r\n    title: \"Account Management\"\r\n  });\r\n};\r\n\r\n/**\r\n * POST /account/profile\r\n * Update profile information.\r\n */\r\nexport let postUpdateProfile = (req: Request, res: Response, next: NextFunction) => {\r\n  req.assert(\"email\", \"Please enter a valid email address.\").isEmail();\r\n  req.sanitize(\"email\").normalizeEmail({ gmail_remove_dots: false });\r\n\r\n  const errors = req.validationErrors();\r\n\r\n  if (errors) {\r\n    req.flash(\"errors\", errors);\r\n    return res.redirect(\"/account\");\r\n  }\r\n\r\n  User.findById(req.user.id, (err, user: UserModel) => {\r\n    if (err) { return next(err); }\r\n    user.email = req.body.email || \"\";\r\n    user.profile.name = req.body.name || \"\";\r\n    user.profile.gender = req.body.gender || \"\";\r\n    user.profile.location = req.body.location || \"\";\r\n    user.profile.website = req.body.website || \"\";\r\n    user.save((err: WriteError) => {\r\n      if (err) {\r\n        if (err.code === 11000) {\r\n          req.flash(\"errors\", { msg: \"The email address you have entered is already associated with an account.\" });\r\n          return res.redirect(\"/account\");\r\n        }\r\n        return next(err);\r\n      }\r\n      req.flash(\"success\", { msg: \"Profile information has been updated.\" });\r\n      res.redirect(\"/account\");\r\n    });\r\n  });\r\n};\r\n\r\n/**\r\n * POST /account/password\r\n * Update current password.\r\n */\r\nexport let postUpdatePassword = (req: Request, res: Response, next: NextFunction) => {\r\n  req.assert(\"password\", \"Password must be at least 4 characters long\").len({ min: 4 });\r\n  req.assert(\"confirmPassword\", \"Passwords do not match\").equals(req.body.password);\r\n\r\n  const errors = req.validationErrors();\r\n\r\n  if (errors) {\r\n    req.flash(\"errors\", errors);\r\n    return res.redirect(\"/account\");\r\n  }\r\n\r\n  User.findById(req.user.id, (err, user: UserModel) => {\r\n    if (err) { return next(err); }\r\n    user.password = req.body.password;\r\n    user.save((err: WriteError) => {\r\n      if (err) { return next(err); }\r\n      req.flash(\"success\", { msg: \"Password has been changed.\" });\r\n      res.redirect(\"/account\");\r\n    });\r\n  });\r\n};\r\n\r\n/**\r\n * POST /account/delete\r\n * Delete user account.\r\n */\r\nexport let postDeleteAccount = (req: Request, res: Response, next: NextFunction) => {\r\n  User.remove({ _id: req.user.id }, (err) => {\r\n    if (err) { return next(err); }\r\n    req.logout();\r\n    req.flash(\"info\", { msg: \"Your account has been deleted.\" });\r\n    res.redirect(\"/\");\r\n  });\r\n};\r\n\r\n/**\r\n * GET /account/unlink/:provider\r\n * Unlink OAuth provider.\r\n */\r\nexport let getOauthUnlink = (req: Request, res: Response, next: NextFunction) => {\r\n  const provider = req.params.provider;\r\n  User.findById(req.user.id, (err, user: any) => {\r\n    if (err) { return next(err); }\r\n    user[provider] = undefined;\r\n    user.tokens = user.tokens.filter((token: AuthToken) => token.kind !== provider);\r\n    user.save((err: WriteError) => {\r\n      if (err) { return next(err); }\r\n      req.flash(\"info\", { msg: `${provider} account has been unlinked.` });\r\n      res.redirect(\"/account\");\r\n    });\r\n  });\r\n};\r\n\r\n/**\r\n * GET /reset/:token\r\n * Reset Password page.\r\n */\r\nexport let getReset = (req: Request, res: Response, next: NextFunction) => {\r\n  if (req.isAuthenticated()) {\r\n    return res.redirect(\"/\");\r\n  }\r\n  User\r\n    .findOne({ passwordResetToken: req.params.token })\r\n    .where(\"passwordResetExpires\").gt(Date.now())\r\n    .exec((err, user) => {\r\n      if (err) { return next(err); }\r\n      if (!user) {\r\n        req.flash(\"errors\", { msg: \"Password reset token is invalid or has expired.\" });\r\n        return res.redirect(\"/forgot\");\r\n      }\r\n      res.render(\"account/reset\", {\r\n        title: \"Password Reset\"\r\n      });\r\n    });\r\n};\r\n\r\n/**\r\n * POST /reset/:token\r\n * Process the reset password request.\r\n */\r\nexport let postReset = (req: Request, res: Response, next: NextFunction) => {\r\n  req.assert(\"password\", \"Password must be at least 4 characters long.\").len({ min: 4 });\r\n  req.assert(\"confirm\", \"Passwords must match.\").equals(req.body.password);\r\n\r\n  const errors = req.validationErrors();\r\n\r\n  if (errors) {\r\n    req.flash(\"errors\", errors);\r\n    return res.redirect(\"back\");\r\n  }\r\n\r\n  async.waterfall([\r\n    function resetPassword(done: Function) {\r\n      User\r\n        .findOne({ passwordResetToken: req.params.token })\r\n        .where(\"passwordResetExpires\").gt(Date.now())\r\n        .exec((err, user: any) => {\r\n          if (err) { return next(err); }\r\n          if (!user) {\r\n            req.flash(\"errors\", { msg: \"Password reset token is invalid or has expired.\" });\r\n            return res.redirect(\"back\");\r\n          }\r\n          user.password = req.body.password;\r\n          user.passwordResetToken = undefined;\r\n          user.passwordResetExpires = undefined;\r\n          user.save((err: WriteError) => {\r\n            if (err) { return next(err); }\r\n            req.logIn(user, (err) => {\r\n              done(err, user);\r\n            });\r\n          });\r\n        });\r\n    },\r\n    function sendResetPasswordEmail(user: UserModel, done: Function) {\r\n      const transporter = nodemailer.createTransport({\r\n        service: \"SendGrid\",\r\n        auth: {\r\n          user: process.env.SENDGRID_USER,\r\n          pass: process.env.SENDGRID_PASSWORD\r\n        }\r\n      });\r\n      const mailOptions = {\r\n        to: user.email,\r\n        from: \"express-ts@starter.com\",\r\n        subject: \"Your password has been changed\",\r\n        text: `Hello,\\n\\nThis is a confirmation that the password for your account ${user.email} has just been changed.\\n`\r\n      };\r\n      transporter.sendMail(mailOptions, (err) => {\r\n        req.flash(\"success\", { msg: \"Success! Your password has been changed.\" });\r\n        done(err);\r\n      });\r\n    }\r\n  ], (err) => {\r\n    if (err) { return next(err); }\r\n    res.redirect(\"/\");\r\n  });\r\n};\r\n\r\n/**\r\n * GET /forgot\r\n * Forgot Password page.\r\n */\r\nexport let getForgot = (req: Request, res: Response) => {\r\n  if (req.isAuthenticated()) {\r\n    return res.redirect(\"/\");\r\n  }\r\n  res.render(\"account/forgot\", {\r\n    title: \"Forgot Password\"\r\n  });\r\n};\r\n\r\n/**\r\n * POST /forgot\r\n * Create a random token, then the send user an email with a reset link.\r\n */\r\nexport let postForgot = (req: Request, res: Response, next: NextFunction) => {\r\n  req.assert(\"email\", \"Please enter a valid email address.\").isEmail();\r\n  req.sanitize(\"email\").normalizeEmail({ gmail_remove_dots: false });\r\n\r\n  const errors = req.validationErrors();\r\n\r\n  if (errors) {\r\n    req.flash(\"errors\", errors);\r\n    return res.redirect(\"/forgot\");\r\n  }\r\n\r\n  async.waterfall([\r\n    function createRandomToken(done: Function) {\r\n      crypto.randomBytes(16, (err, buf) => {\r\n        const token = buf.toString(\"hex\");\r\n        done(err, token);\r\n      });\r\n    },\r\n    function setRandomToken(token: AuthToken, done: Function) {\r\n      User.findOne({ email: req.body.email }, (err, user: any) => {\r\n        if (err) { return done(err); }\r\n        if (!user) {\r\n          req.flash(\"errors\", { msg: \"Account with that email address does not exist.\" });\r\n          return res.redirect(\"/forgot\");\r\n        }\r\n        user.passwordResetToken = token;\r\n        user.passwordResetExpires = Date.now() + 3600000; // 1 hour\r\n        user.save((err: WriteError) => {\r\n          done(err, token, user);\r\n        });\r\n      });\r\n    },\r\n    function sendForgotPasswordEmail(token: AuthToken, user: UserModel, done: Function) {\r\n      const transporter = nodemailer.createTransport({\r\n        service: \"SendGrid\",\r\n        auth: {\r\n          user: process.env.SENDGRID_USER,\r\n          pass: process.env.SENDGRID_PASSWORD\r\n        }\r\n      });\r\n      const mailOptions = {\r\n        to: user.email,\r\n        from: \"hackathon@starter.com\",\r\n        subject: \"Reset your password on Hackathon Starter\",\r\n        text: `You are receiving this email because you (or someone else) have requested the reset of the password for your account.\\n\\n\r\n          Please click on the following link, or paste this into your browser to complete the process:\\n\\n\r\n          http://${req.headers.host}/reset/${token}\\n\\n\r\n          If you did not request this, please ignore this email and your password will remain unchanged.\\n`\r\n      };\r\n      transporter.sendMail(mailOptions, (err) => {\r\n        req.flash(\"info\", { msg: `An e-mail has been sent to ${user.email} with further instructions.` });\r\n        done(err);\r\n      });\r\n    }\r\n  ], (err) => {\r\n    if (err) { return next(err); }\r\n    res.redirect(\"/forgot\");\r\n  });\r\n};\r\n"]},"_coverageSchema":"332fd63041d2c1bcb487cc26dd0d5f7d97098a6c","hash":"3932e016886fbfe6d53837277c054331ace75c7a"}
,"D:\\Projects\\node\\node-typescript-project\\src\\models\\User.ts": {"path":"D:\\Projects\\node\\node-typescript-project\\src\\models\\User.ts","statementMap":{"0":{"start":{"line":2,"column":0},"end":{"line":2,"column":62}},"1":{"start":{"line":3,"column":15},"end":{"line":3,"column":39}},"2":{"start":{"line":4,"column":15},"end":{"line":4,"column":32}},"3":{"start":{"line":5,"column":17},"end":{"line":5,"column":36}},"4":{"start":{"line":6,"column":19},"end":{"line":22,"column":24}},"5":{"start":{"line":26,"column":0},"end":{"line":43,"column":3}},"6":{"start":{"line":27,"column":17},"end":{"line":27,"column":21}},"7":{"start":{"line":28,"column":4},"end":{"line":30,"column":5}},"8":{"start":{"line":29,"column":8},"end":{"line":29,"column":22}},"9":{"start":{"line":31,"column":4},"end":{"line":42,"column":7}},"10":{"start":{"line":32,"column":8},"end":{"line":34,"column":9}},"11":{"start":{"line":33,"column":12},"end":{"line":33,"column":29}},"12":{"start":{"line":35,"column":8},"end":{"line":41,"column":11}},"13":{"start":{"line":36,"column":12},"end":{"line":38,"column":13}},"14":{"start":{"line":37,"column":16},"end":{"line":37,"column":33}},"15":{"start":{"line":39,"column":12},"end":{"line":39,"column":33}},"16":{"start":{"line":40,"column":12},"end":{"line":40,"column":19}},"17":{"start":{"line":44,"column":0},"end":{"line":48,"column":2}},"18":{"start":{"line":45,"column":4},"end":{"line":47,"column":7}},"19":{"start":{"line":46,"column":8},"end":{"line":46,"column":25}},"20":{"start":{"line":52,"column":0},"end":{"line":61,"column":2}},"21":{"start":{"line":53,"column":4},"end":{"line":55,"column":5}},"22":{"start":{"line":54,"column":8},"end":{"line":54,"column":19}},"23":{"start":{"line":56,"column":4},"end":{"line":58,"column":5}},"24":{"start":{"line":57,"column":8},"end":{"line":57,"column":64}},"25":{"start":{"line":59,"column":16},"end":{"line":59,"column":73}},"26":{"start":{"line":60,"column":4},"end":{"line":60,"column":66}},"27":{"start":{"line":63,"column":13},"end":{"line":63,"column":47}},"28":{"start":{"line":64,"column":0},"end":{"line":64,"column":23}}},"fnMap":{"0":{"name":"save","decl":{"start":{"line":26,"column":32},"end":{"line":26,"column":36}},"loc":{"start":{"line":26,"column":43},"end":{"line":43,"column":1}},"line":26},"1":{"name":"(anonymous_1)","decl":{"start":{"line":31,"column":23},"end":{"line":31,"column":24}},"loc":{"start":{"line":31,"column":38},"end":{"line":42,"column":5}},"line":31},"2":{"name":"(anonymous_2)","decl":{"start":{"line":35,"column":52},"end":{"line":35,"column":53}},"loc":{"start":{"line":35,"column":67},"end":{"line":41,"column":9}},"line":35},"3":{"name":"(anonymous_3)","decl":{"start":{"line":44,"column":37},"end":{"line":44,"column":38}},"loc":{"start":{"line":44,"column":70},"end":{"line":48,"column":1}},"line":44},"4":{"name":"(anonymous_4)","decl":{"start":{"line":45,"column":53},"end":{"line":45,"column":54}},"loc":{"start":{"line":45,"column":71},"end":{"line":47,"column":5}},"line":45},"5":{"name":"(anonymous_5)","decl":{"start":{"line":52,"column":30},"end":{"line":52,"column":31}},"loc":{"start":{"line":52,"column":46},"end":{"line":61,"column":1}},"line":52}},"branchMap":{"0":{"loc":{"start":{"line":28,"column":4},"end":{"line":30,"column":5}},"type":"if","locations":[{"start":{"line":28,"column":4},"end":{"line":30,"column":5}},{"start":{"line":28,"column":4},"end":{"line":30,"column":5}}],"line":28},"1":{"loc":{"start":{"line":32,"column":8},"end":{"line":34,"column":9}},"type":"if","locations":[{"start":{"line":32,"column":8},"end":{"line":34,"column":9}},{"start":{"line":32,"column":8},"end":{"line":34,"column":9}}],"line":32},"2":{"loc":{"start":{"line":36,"column":12},"end":{"line":38,"column":13}},"type":"if","locations":[{"start":{"line":36,"column":12},"end":{"line":38,"column":13}},{"start":{"line":36,"column":12},"end":{"line":38,"column":13}}],"line":36},"3":{"loc":{"start":{"line":53,"column":4},"end":{"line":55,"column":5}},"type":"if","locations":[{"start":{"line":53,"column":4},"end":{"line":55,"column":5}},{"start":{"line":53,"column":4},"end":{"line":55,"column":5}}],"line":53},"4":{"loc":{"start":{"line":56,"column":4},"end":{"line":58,"column":5}},"type":"if","locations":[{"start":{"line":56,"column":4},"end":{"line":58,"column":5}},{"start":{"line":56,"column":4},"end":{"line":58,"column":5}}],"line":56}},"s":{"0":2,"1":2,"2":2,"3":2,"4":2,"5":2,"6":0,"7":0,"8":0,"9":0,"10":0,"11":0,"12":0,"13":0,"14":0,"15":0,"16":0,"17":2,"18":0,"19":0,"20":2,"21":0,"22":0,"23":0,"24":0,"25":0,"26":0,"27":2,"28":2},"f":{"0":0,"1":0,"2":0,"3":0,"4":0,"5":0},"b":{"0":[0,0],"1":[0,0],"2":[0,0],"3":[0,0],"4":[0,0]},"inputSourceMap":{"version":3,"file":"User.js","sourceRoot":"","sources":["User.ts"],"names":[],"mappings":";;AAAA,wCAAwC;AACxC,iCAAiC;AACjC,qCAAqC;AA4BrC,MAAM,UAAU,GAAG,IAAI,QAAQ,CAAC,MAAM,CAAC;IACrC,KAAK,EAAE,EAAE,IAAI,EAAE,MAAM,EAAE,MAAM,EAAE,IAAI,EAAE;IACrC,QAAQ,EAAE,MAAM;IAChB,kBAAkB,EAAE,MAAM;IAC1B,oBAAoB,EAAE,IAAI;IAE1B,QAAQ,EAAE,MAAM;IAChB,OAAO,EAAE,MAAM;IACf,MAAM,EAAE,MAAM;IACd,MAAM,EAAE,KAAK;IAEb,OAAO,EAAE;QACP,IAAI,EAAE,MAAM;QACZ,MAAM,EAAE,MAAM;QACd,QAAQ,EAAE,MAAM;QAChB,OAAO,EAAE,MAAM;QACf,OAAO,EAAE,MAAM;KAChB;CACF,EAAE,EAAE,UAAU,EAAE,IAAI,EAAE,CAAC,CAAC;AAEzB;;GAEG;AACH,UAAU,CAAC,GAAG,CAAC,MAAM,EAAE,cAAc,IAAI;IACvC,MAAM,IAAI,GAAG,IAAI,CAAC;IAClB,EAAE,CAAC,CAAC,CAAC,IAAI,CAAC,UAAU,CAAC,UAAU,CAAC,CAAC,CAAC,CAAC;QAAC,MAAM,CAAC,IAAI,EAAE,CAAC;IAAC,CAAC;IACpD,MAAM,CAAC,OAAO,CAAC,EAAE,EAAE,CAAC,GAAG,EAAE,IAAI,EAAE,EAAE;QAC/B,EAAE,CAAC,CAAC,GAAG,CAAC,CAAC,CAAC;YAAC,MAAM,CAAC,IAAI,CAAC,GAAG,CAAC,CAAC;QAAC,CAAC;QAC9B,MAAM,CAAC,IAAI,CAAC,IAAI,CAAC,QAAQ,EAAE,IAAI,EAAE,SAAS,EAAE,CAAC,GAAmB,EAAE,IAAI,EAAE,EAAE;YACxE,EAAE,CAAC,CAAC,GAAG,CAAC,CAAC,CAAC;gBAAC,MAAM,CAAC,IAAI,CAAC,GAAG,CAAC,CAAC;YAAC,CAAC;YAC9B,IAAI,CAAC,QAAQ,GAAG,IAAI,CAAC;YACrB,IAAI,EAAE,CAAC;QACT,CAAC,CAAC,CAAC;IACL,CAAC,CAAC,CAAC;AACL,CAAC,CAAC,CAAC;AAEH,UAAU,CAAC,OAAO,CAAC,eAAe,GAAG,UAAU,iBAAyB,EAAE,EAAkC;IAC1G,MAAM,CAAC,OAAO,CAAC,iBAAiB,EAAE,IAAI,CAAC,QAAQ,EAAE,CAAC,GAAmB,EAAE,OAAgB,EAAE,EAAE;QACzF,EAAE,CAAC,GAAG,EAAE,OAAO,CAAC,CAAC;IACnB,CAAC,CAAC,CAAC;AACL,CAAC,CAAC;AAGF;;GAEG;AACH,UAAU,CAAC,OAAO,CAAC,QAAQ,GAAG,UAAU,IAAY;IAClD,EAAE,CAAC,CAAC,CAAC,IAAI,CAAC,CAAC,CAAC;QACV,IAAI,GAAG,GAAG,CAAC;IACb,CAAC;IACD,EAAE,CAAC,CAAC,CAAC,IAAI,CAAC,KAAK,CAAC,CAAC,CAAC;QAChB,MAAM,CAAC,kCAAkC,IAAI,UAAU,CAAC;IAC1D,CAAC;IACD,MAAM,GAAG,GAAG,MAAM,CAAC,UAAU,CAAC,KAAK,CAAC,CAAC,MAAM,CAAC,IAAI,CAAC,KAAK,CAAC,CAAC,MAAM,CAAC,KAAK,CAAC,CAAC;IACtE,MAAM,CAAC,+BAA+B,GAAG,MAAM,IAAI,UAAU,CAAC;AAChE,CAAC,CAAC;AAEF,8EAA8E;AAC9E,MAAM,IAAI,GAAG,QAAQ,CAAC,KAAK,CAAC,MAAM,EAAE,UAAU,CAAC,CAAC;AAChD,kBAAe,IAAI,CAAC","sourcesContent":["import * as bcrypt from \"bcrypt-nodejs\";\r\nimport * as crypto from \"crypto\";\r\nimport * as mongoose from \"mongoose\";\r\n\r\nexport type UserModel = mongoose.Document & {\r\n  email: string,\r\n  password: string,\r\n  passwordResetToken: string,\r\n  passwordResetExpires: Date,\r\n\r\n  facebook: string,\r\n  tokens: AuthToken[],\r\n\r\n  profile: {\r\n    name: string,\r\n    gender: string,\r\n    location: string,\r\n    website: string,\r\n    picture: string\r\n  },\r\n\r\n  comparePassword: (candidatePassword: string, cb: (err: any, isMatch: any) => {}) => void,\r\n  gravatar: (size: number) => string\r\n};\r\n\r\nexport type AuthToken = {\r\n  accessToken: string,\r\n  kind: string\r\n};\r\n\r\nconst userSchema = new mongoose.Schema({\r\n  email: { type: String, unique: true },\r\n  password: String,\r\n  passwordResetToken: String,\r\n  passwordResetExpires: Date,\r\n\r\n  facebook: String,\r\n  twitter: String,\r\n  google: String,\r\n  tokens: Array,\r\n\r\n  profile: {\r\n    name: String,\r\n    gender: String,\r\n    location: String,\r\n    website: String,\r\n    picture: String\r\n  }\r\n}, { timestamps: true });\r\n\r\n/**\r\n * Password hash middleware.\r\n */\r\nuserSchema.pre(\"save\", function save(next) {\r\n  const user = this;\r\n  if (!user.isModified(\"password\")) { return next(); }\r\n  bcrypt.genSalt(10, (err, salt) => {\r\n    if (err) { return next(err); }\r\n    bcrypt.hash(user.password, salt, undefined, (err: mongoose.Error, hash) => {\r\n      if (err) { return next(err); }\r\n      user.password = hash;\r\n      next();\r\n    });\r\n  });\r\n});\r\n\r\nuserSchema.methods.comparePassword = function (candidatePassword: string, cb: (err: any, isMatch: any) => {}) {\r\n  bcrypt.compare(candidatePassword, this.password, (err: mongoose.Error, isMatch: boolean) => {\r\n    cb(err, isMatch);\r\n  });\r\n};\r\n\r\n\r\n/**\r\n * Helper method for getting user's gravatar.\r\n */\r\nuserSchema.methods.gravatar = function (size: number) {\r\n  if (!size) {\r\n    size = 200;\r\n  }\r\n  if (!this.email) {\r\n    return `https://gravatar.com/avatar/?s=${size}&d=retro`;\r\n  }\r\n  const md5 = crypto.createHash(\"md5\").update(this.email).digest(\"hex\");\r\n  return `https://gravatar.com/avatar/${md5}?s=${size}&d=retro`;\r\n};\r\n\r\n// export const User: UserType = mongoose.model<UserType>('User', userSchema);\r\nconst User = mongoose.model(\"User\", userSchema);\r\nexport default User;"]},"_coverageSchema":"332fd63041d2c1bcb487cc26dd0d5f7d97098a6c","hash":"4fc9644bac8da3d4be2e3c193df1fc5d0db3ac79"}
}
